{"/mnt/persist/workspace/src/aiGate.ts": {"path":"/mnt/persist/workspace/src/aiGate.ts","statementMap":{"0":{"start":{"line":11,"column":0},"end":{"line":11,"column":7}},"1":{"start":{"line":15,"column":0},"end":{"line":15,"column":7}},"2":{"start":{"line":1,"column":0},"end":{"line":1,"column":26}},"3":{"start":{"line":2,"column":0},"end":{"line":2,"column":34}},"4":{"start":{"line":12,"column":2},"end":{"line":12,"column":28}},"5":{"start":{"line":16,"column":2},"end":{"line":48,"column":3}},"6":{"start":{"line":18,"column":6},"end":{"line":19,"column":30}},"7":{"start":{"line":21,"column":16},"end":{"line":28,"column":null}},"8":{"start":{"line":31,"column":25},"end":{"line":31,"column":49}},"9":{"start":{"line":32,"column":18},"end":{"line":32,"column":39}},"10":{"start":{"line":33,"column":4},"end":{"line":33,"column":62}},"11":{"start":{"line":33,"column":16},"end":{"line":33,"column":62}},"12":{"start":{"line":35,"column":19},"end":{"line":35,"column":39}},"13":{"start":{"line":36,"column":4},"end":{"line":44,"column":6}},"14":{"start":{"line":46,"column":4},"end":{"line":46,"column":40}},"15":{"start":{"line":47,"column":4},"end":{"line":47,"column":76}}},"fnMap":{"0":{"name":"getModelName","decl":{"start":{"line":11,"column":22},"end":{"line":11,"column":34}},"loc":{"start":{"line":11,"column":34},"end":{"line":13,"column":1}}},"1":{"name":"askOllama","decl":{"start":{"line":15,"column":22},"end":{"line":15,"column":31}},"loc":{"start":{"line":15,"column":45},"end":{"line":49,"column":1}}}},"branchMap":{"0":{"loc":{"start":{"line":31,"column":25},"end":{"line":31,"column":49}},"type":"binary-expr","locations":[{"start":{"line":31,"column":25},"end":{"line":31,"column":43}},{"start":{"line":31,"column":47},"end":{"line":31,"column":49}}]},"1":{"loc":{"start":{"line":33,"column":4},"end":{"line":33,"column":62}},"type":"if","locations":[{"start":{"line":33,"column":4},"end":{"line":33,"column":62}},{"start":{},"end":{}}]},"2":{"loc":{"start":{"line":38,"column":8},"end":{"line":40,"column":18}},"type":"cond-expr","locations":[{"start":{"line":39,"column":12},"end":{"line":39,"column":27}},{"start":{"line":40,"column":12},"end":{"line":40,"column":18}}]},"3":{"loc":{"start":{"line":38,"column":8},"end":{"line":38,"column":65}},"type":"binary-expr","locations":[{"start":{"line":38,"column":8},"end":{"line":38,"column":34}},{"start":{"line":38,"column":38},"end":{"line":38,"column":65}}]},"4":{"loc":{"start":{"line":41,"column":18},"end":{"line":41,"column":79}},"type":"cond-expr","locations":[{"start":{"line":41,"column":58},"end":{"line":41,"column":75}},{"start":{"line":41,"column":78},"end":{"line":41,"column":79}}]}},"s":{"0":0,"1":0,"2":0,"3":0,"4":0,"5":0,"6":0,"7":0,"8":0,"9":0,"10":0,"11":0,"12":0,"13":0,"14":0,"15":0},"f":{"0":0,"1":0},"b":{"0":[0,0],"1":[0,0],"2":[0,0],"3":[0,0],"4":[0,0]}}
,"/mnt/persist/workspace/src/backtest.ts": {"path":"/mnt/persist/workspace/src/backtest.ts","statementMap":{"0":{"start":{"line":125,"column":0},"end":{"line":125,"column":7}},"1":{"start":{"line":1,"column":0},"end":{"line":1,"column":61}},"2":{"start":{"line":2,"column":0},"end":{"line":2,"column":50}},"3":{"start":{"line":3,"column":0},"end":{"line":3,"column":36}},"4":{"start":{"line":4,"column":0},"end":{"line":4,"column":43}},"5":{"start":{"line":5,"column":0},"end":{"line":5,"column":52}},"6":{"start":{"line":30,"column":2},"end":{"line":60,"column":3}},"7":{"start":{"line":32,"column":4},"end":{"line":46,"column":5}},"8":{"start":{"line":33,"column":24},"end":{"line":33,"column":48}},"9":{"start":{"line":34,"column":23},"end":{"line":34,"column":45}},"10":{"start":{"line":35,"column":19},"end":{"line":35,"column":61}},"11":{"start":{"line":36,"column":21},"end":{"line":36,"column":36}},"12":{"start":{"line":38,"column":6},"end":{"line":38,"column":26}},"13":{"start":{"line":41,"column":6},"end":{"line":45,"column":7}},"14":{"start":{"line":42,"column":8},"end":{"line":42,"column":23}},"15":{"start":{"line":44,"column":8},"end":{"line":44,"column":25}},"16":{"start":{"line":49,"column":29},"end":{"line":49,"column":55}},"17":{"start":{"line":50,"column":26},"end":{"line":50,"column":95}},"18":{"start":{"line":51,"column":22},"end":{"line":51,"column":59}},"19":{"start":{"line":52,"column":25},"end":{"line":52,"column":60}},"20":{"start":{"line":54,"column":4},"end":{"line":54,"column":24}},"21":{"start":{"line":55,"column":4},"end":{"line":55,"column":29}},"22":{"start":{"line":56,"column":4},"end":{"line":56,"column":30}},"23":{"start":{"line":57,"column":4},"end":{"line":57,"column":27}},"24":{"start":{"line":59,"column":4},"end":{"line":59,"column":47}},"25":{"start":{"line":62,"column":2},"end":{"line":92,"column":3}},"26":{"start":{"line":64,"column":4},"end":{"line":78,"column":5}},"27":{"start":{"line":65,"column":24},"end":{"line":65,"column":48}},"28":{"start":{"line":66,"column":23},"end":{"line":66,"column":45}},"29":{"start":{"line":67,"column":19},"end":{"line":67,"column":61}},"30":{"start":{"line":68,"column":21},"end":{"line":68,"column":36}},"31":{"start":{"line":70,"column":6},"end":{"line":70,"column":26}},"32":{"start":{"line":73,"column":6},"end":{"line":77,"column":7}},"33":{"start":{"line":74,"column":8},"end":{"line":74,"column":23}},"34":{"start":{"line":76,"column":8},"end":{"line":76,"column":25}},"35":{"start":{"line":81,"column":29},"end":{"line":81,"column":55}},"36":{"start":{"line":82,"column":26},"end":{"line":82,"column":95}},"37":{"start":{"line":83,"column":22},"end":{"line":83,"column":59}},"38":{"start":{"line":84,"column":25},"end":{"line":84,"column":60}},"39":{"start":{"line":86,"column":4},"end":{"line":86,"column":25}},"40":{"start":{"line":87,"column":4},"end":{"line":87,"column":29}},"41":{"start":{"line":88,"column":4},"end":{"line":88,"column":30}},"42":{"start":{"line":89,"column":4},"end":{"line":89,"column":27}},"43":{"start":{"line":91,"column":4},"end":{"line":91,"column":47}},"44":{"start":{"line":94,"column":2},"end":{"line":120,"column":3}},"45":{"start":{"line":95,"column":20},"end":{"line":95,"column":21}},"46":{"start":{"line":96,"column":4},"end":{"line":100,"column":5}},"47":{"start":{"line":97,"column":6},"end":{"line":97,"column":43}},"48":{"start":{"line":98,"column":11},"end":{"line":100,"column":5}},"49":{"start":{"line":99,"column":6},"end":{"line":99,"column":43}},"50":{"start":{"line":102,"column":21},"end":{"line":102,"column":43}},"51":{"start":{"line":103,"column":17},"end":{"line":103,"column":59}},"52":{"start":{"line":104,"column":19},"end":{"line":104,"column":34}},"53":{"start":{"line":106,"column":4},"end":{"line":106,"column":24}},"54":{"start":{"line":109,"column":4},"end":{"line":113,"column":5}},"55":{"start":{"line":110,"column":6},"end":{"line":110,"column":21}},"56":{"start":{"line":112,"column":6},"end":{"line":112,"column":23}},"57":{"start":{"line":115,"column":4},"end":{"line":115,"column":24}},"58":{"start":{"line":116,"column":4},"end":{"line":116,"column":25}},"59":{"start":{"line":117,"column":4},"end":{"line":117,"column":19}},"60":{"start":{"line":119,"column":4},"end":{"line":119,"column":36}},"61":{"start":{"line":122,"column":2},"end":{"line":122,"column":29}},"62":{"start":{"line":132,"column":19},"end":{"line":132,"column":42}},"63":{"start":{"line":133,"column":20},"end":{"line":133,"column":73}},"64":{"start":{"line":136,"column":33},"end":{"line":140,"column":4}},"65":{"start":{"line":143,"column":20},"end":{"line":143,"column":41}},"66":{"start":{"line":144,"column":16},"end":{"line":144,"column":94}},"67":{"start":{"line":145,"column":4},"end":{"line":145,"column":31}},"68":{"start":{"line":145,"column":20},"end":{"line":145,"column":31}},"69":{"start":{"line":146,"column":4},"end":{"line":146,"column":32}},"70":{"start":{"line":146,"column":21},"end":{"line":146,"column":32}},"71":{"start":{"line":147,"column":4},"end":{"line":147,"column":32}},"72":{"start":{"line":147,"column":21},"end":{"line":147,"column":32}},"73":{"start":{"line":148,"column":4},"end":{"line":148,"column":15}},"74":{"start":{"line":152,"column":29},"end":{"line":152,"column":77}},"75":{"start":{"line":153,"column":25},"end":{"line":153,"column":83}},"76":{"start":{"line":154,"column":56},"end":{"line":154,"column":58}},"77":{"start":{"line":155,"column":24},"end":{"line":155,"column":26}},"78":{"start":{"line":157,"column":2},"end":{"line":199,"column":3}},"79":{"start":{"line":158,"column":36},"end":{"line":187,"column":6}},"80":{"start":{"line":161,"column":31},"end":{"line":161,"column":53}},"81":{"start":{"line":162,"column":28},"end":{"line":169,"column":null}},"82":{"start":{"line":171,"column":8},"end":{"line":182,"column":9}},"83":{"start":{"line":172,"column":21},"end":{"line":172,"column":57}},"84":{"start":{"line":173,"column":10},"end":{"line":180,"column":13}},"85":{"start":{"line":181,"column":10},"end":{"line":181,"column":27}},"86":{"start":{"line":183,"column":8},"end":{"line":183,"column":32}},"87":{"start":{"line":184,"column":28},"end":{"line":184,"column":62}},"88":{"start":{"line":185,"column":8},"end":{"line":185,"column":46}},"89":{"start":{"line":190,"column":5},"end":{"line":190,"column":69}},"90":{"start":{"line":192,"column":24},"end":{"line":192,"column":58}},"91":{"start":{"line":193,"column":4},"end":{"line":193,"column":73}},"92":{"start":{"line":196,"column":4},"end":{"line":196,"column":38}},"93":{"start":{"line":198,"column":4},"end":{"line":198,"column":64}},"94":{"start":{"line":201,"column":17},"end":{"line":201,"column":40}},"95":{"start":{"line":202,"column":18},"end":{"line":207,"column":4}},"96":{"start":{"line":209,"column":2},"end":{"line":209,"column":44}},"97":{"start":{"line":210,"column":2},"end":{"line":214,"column":4}},"98":{"start":{"line":216,"column":2},"end":{"line":220,"column":3}},"99":{"start":{"line":217,"column":4},"end":{"line":219,"column":6}},"100":{"start":{"line":222,"column":2},"end":{"line":222,"column":17}},"101":{"start":{"line":225,"column":0},"end":{"line":245,"column":1}},"102":{"start":{"line":226,"column":15},"end":{"line":226,"column":36}},"103":{"start":{"line":227,"column":17},"end":{"line":227,"column":38}},"104":{"start":{"line":228,"column":16},"end":{"line":228,"column":37}},"105":{"start":{"line":229,"column":14},"end":{"line":229,"column":35}},"106":{"start":{"line":230,"column":17},"end":{"line":230,"column":43}},"107":{"start":{"line":232,"column":19},"end":{"line":234,"column":10}},"108":{"start":{"line":232,"column":36},"end":{"line":232,"column":63}},"109":{"start":{"line":233,"column":23},"end":{"line":233,"column":50}},"110":{"start":{"line":236,"column":2},"end":{"line":244,"column":26}},"111":{"start":{"line":237,"column":15},"end":{"line":237,"column":28}},"112":{"start":{"line":238,"column":17},"end":{"line":238,"column":32}},"113":{"start":{"line":239,"column":19},"end":{"line":239,"column":63}},"114":{"start":{"line":240,"column":4},"end":{"line":240,"column":74}},"115":{"start":{"line":240,"column":32},"end":{"line":240,"column":74}},"116":{"start":{"line":241,"column":20},"end":{"line":241,"column":68}},"117":{"start":{"line":242,"column":4},"end":{"line":242,"column":60}},"118":{"start":{"line":243,"column":4},"end":{"line":243,"column":57}}},"fnMap":{"0":{"name":"simulateTrade","decl":{"start":{"line":21,"column":9},"end":{"line":21,"column":22}},"loc":{"start":{"line":28,"column":18},"end":{"line":123,"column":1}}},"1":{"name":"runBacktest","decl":{"start":{"line":125,"column":22},"end":{"line":125,"column":33}},"loc":{"start":{"line":130,"column":25},"end":{"line":223,"column":1}}},"2":{"name":"deriveRegimeLeverage","decl":{"start":{"line":142,"column":11},"end":{"line":142,"column":31}},"loc":{"start":{"line":142,"column":41},"end":{"line":149,"column":3}}},"3":{"name":"(anonymous_3)","decl":{"start":{"line":160,"column":16},"end":{"line":160,"column":21}},"loc":{"start":{"line":160,"column":31},"end":{"line":186,"column":7}}},"4":{"name":"(anonymous_4)","decl":{"start":{"line":232,"column":29},"end":{"line":232,"column":30}},"loc":{"start":{"line":232,"column":36},"end":{"line":232,"column":63}}},"5":{"name":"(anonymous_5)","decl":{"start":{"line":233,"column":16},"end":{"line":233,"column":17}},"loc":{"start":{"line":233,"column":23},"end":{"line":233,"column":50}}},"6":{"name":"(anonymous_6)","decl":{"start":{"line":236,"column":57},"end":{"line":236,"column":58}},"loc":{"start":{"line":236,"column":65},"end":{"line":244,"column":3}}}},"branchMap":{"0":{"loc":{"start":{"line":30,"column":2},"end":{"line":60,"column":3}},"type":"if","locations":[{"start":{"line":30,"column":2},"end":{"line":60,"column":3}},{"start":{},"end":{}}]},"1":{"loc":{"start":{"line":30,"column":6},"end":{"line":30,"column":50}},"type":"binary-expr","locations":[{"start":{"line":30,"column":6},"end":{"line":30,"column":25}},{"start":{"line":30,"column":29},"end":{"line":30,"column":50}}]},"2":{"loc":{"start":{"line":32,"column":4},"end":{"line":46,"column":5}},"type":"if","locations":[{"start":{"line":32,"column":4},"end":{"line":46,"column":5}},{"start":{},"end":{}}]},"3":{"loc":{"start":{"line":41,"column":6},"end":{"line":45,"column":7}},"type":"if","locations":[{"start":{"line":41,"column":6},"end":{"line":45,"column":7}},{"start":{"line":43,"column":13},"end":{"line":45,"column":7}}]},"4":{"loc":{"start":{"line":62,"column":2},"end":{"line":92,"column":3}},"type":"if","locations":[{"start":{"line":62,"column":2},"end":{"line":92,"column":3}},{"start":{},"end":{}}]},"5":{"loc":{"start":{"line":62,"column":6},"end":{"line":62,"column":52}},"type":"binary-expr","locations":[{"start":{"line":62,"column":6},"end":{"line":62,"column":26}},{"start":{"line":62,"column":30},"end":{"line":62,"column":52}}]},"6":{"loc":{"start":{"line":64,"column":4},"end":{"line":78,"column":5}},"type":"if","locations":[{"start":{"line":64,"column":4},"end":{"line":78,"column":5}},{"start":{},"end":{}}]},"7":{"loc":{"start":{"line":73,"column":6},"end":{"line":77,"column":7}},"type":"if","locations":[{"start":{"line":73,"column":6},"end":{"line":77,"column":7}},{"start":{"line":75,"column":13},"end":{"line":77,"column":7}}]},"8":{"loc":{"start":{"line":94,"column":2},"end":{"line":120,"column":3}},"type":"if","locations":[{"start":{"line":94,"column":2},"end":{"line":120,"column":3}},{"start":{},"end":{}}]},"9":{"loc":{"start":{"line":94,"column":6},"end":{"line":94,"column":50}},"type":"binary-expr","locations":[{"start":{"line":94,"column":6},"end":{"line":94,"column":25}},{"start":{"line":94,"column":29},"end":{"line":94,"column":50}}]},"10":{"loc":{"start":{"line":96,"column":4},"end":{"line":100,"column":5}},"type":"if","locations":[{"start":{"line":96,"column":4},"end":{"line":100,"column":5}},{"start":{"line":98,"column":11},"end":{"line":100,"column":5}}]},"11":{"loc":{"start":{"line":98,"column":11},"end":{"line":100,"column":5}},"type":"if","locations":[{"start":{"line":98,"column":11},"end":{"line":100,"column":5}},{"start":{},"end":{}}]},"12":{"loc":{"start":{"line":109,"column":4},"end":{"line":113,"column":5}},"type":"if","locations":[{"start":{"line":109,"column":4},"end":{"line":113,"column":5}},{"start":{"line":111,"column":11},"end":{"line":113,"column":5}}]},"13":{"loc":{"start":{"line":130,"column":2},"end":{"line":130,"column":25}},"type":"default-arg","locations":[{"start":{"line":130,"column":21},"end":{"line":130,"column":25}}]},"14":{"loc":{"start":{"line":143,"column":20},"end":{"line":143,"column":41}},"type":"binary-expr","locations":[{"start":{"line":143,"column":20},"end":{"line":143,"column":36}},{"start":{"line":143,"column":40},"end":{"line":143,"column":41}}]},"15":{"loc":{"start":{"line":144,"column":16},"end":{"line":144,"column":94}},"type":"binary-expr","locations":[{"start":{"line":144,"column":17},"end":{"line":144,"column":88}},{"start":{"line":144,"column":93},"end":{"line":144,"column":94}}]},"16":{"loc":{"start":{"line":145,"column":4},"end":{"line":145,"column":31}},"type":"if","locations":[{"start":{"line":145,"column":4},"end":{"line":145,"column":31}},{"start":{},"end":{}}]},"17":{"loc":{"start":{"line":146,"column":4},"end":{"line":146,"column":32}},"type":"if","locations":[{"start":{"line":146,"column":4},"end":{"line":146,"column":32}},{"start":{},"end":{}}]},"18":{"loc":{"start":{"line":147,"column":4},"end":{"line":147,"column":32}},"type":"if","locations":[{"start":{"line":147,"column":4},"end":{"line":147,"column":32}},{"start":{},"end":{}}]},"19":{"loc":{"start":{"line":165,"column":10},"end":{"line":165,"column":46}},"type":"binary-expr","locations":[{"start":{"line":165,"column":10},"end":{"line":165,"column":24}},{"start":{"line":165,"column":28},"end":{"line":165,"column":41}},{"start":{"line":165,"column":45},"end":{"line":165,"column":46}}]},"20":{"loc":{"start":{"line":171,"column":8},"end":{"line":182,"column":9}},"type":"if","locations":[{"start":{"line":171,"column":8},"end":{"line":182,"column":9}},{"start":{},"end":{}}]},"21":{"loc":{"start":{"line":172,"column":21},"end":{"line":172,"column":57}},"type":"binary-expr","locations":[{"start":{"line":172,"column":21},"end":{"line":172,"column":35}},{"start":{"line":172,"column":39},"end":{"line":172,"column":52}},{"start":{"line":172,"column":56},"end":{"line":172,"column":57}}]},"22":{"loc":{"start":{"line":179,"column":18},"end":{"line":179,"column":39}},"type":"binary-expr","locations":[{"start":{"line":179,"column":18},"end":{"line":179,"column":34}},{"start":{"line":179,"column":38},"end":{"line":179,"column":39}}]},"23":{"loc":{"start":{"line":216,"column":2},"end":{"line":220,"column":3}},"type":"if","locations":[{"start":{"line":216,"column":2},"end":{"line":220,"column":3}},{"start":{},"end":{}}]},"24":{"loc":{"start":{"line":225,"column":0},"end":{"line":245,"column":1}},"type":"if","locations":[{"start":{"line":225,"column":0},"end":{"line":245,"column":1}},{"start":{},"end":{}}]},"25":{"loc":{"start":{"line":227,"column":17},"end":{"line":227,"column":38}},"type":"binary-expr","locations":[{"start":{"line":227,"column":17},"end":{"line":227,"column":24}},{"start":{"line":227,"column":28},"end":{"line":227,"column":38}}]},"26":{"loc":{"start":{"line":228,"column":16},"end":{"line":228,"column":37}},"type":"binary-expr","locations":[{"start":{"line":228,"column":16},"end":{"line":228,"column":23}},{"start":{"line":228,"column":27},"end":{"line":228,"column":37}}]},"27":{"loc":{"start":{"line":229,"column":14},"end":{"line":229,"column":35}},"type":"binary-expr","locations":[{"start":{"line":229,"column":14},"end":{"line":229,"column":21}},{"start":{"line":229,"column":25},"end":{"line":229,"column":35}}]},"28":{"loc":{"start":{"line":232,"column":19},"end":{"line":234,"column":10}},"type":"cond-expr","locations":[{"start":{"line":233,"column":6},"end":{"line":233,"column":66}},{"start":{"line":234,"column":6},"end":{"line":234,"column":10}}]},"29":{"loc":{"start":{"line":240,"column":4},"end":{"line":240,"column":74}},"type":"if","locations":[{"start":{"line":240,"column":4},"end":{"line":240,"column":74}},{"start":{},"end":{}}]}},"s":{"0":0,"1":0,"2":0,"3":0,"4":0,"5":0,"6":0,"7":0,"8":0,"9":0,"10":0,"11":0,"12":0,"13":0,"14":0,"15":0,"16":0,"17":0,"18":0,"19":0,"20":0,"21":0,"22":0,"23":0,"24":0,"25":0,"26":0,"27":0,"28":0,"29":0,"30":0,"31":0,"32":0,"33":0,"34":0,"35":0,"36":0,"37":0,"38":0,"39":0,"40":0,"41":0,"42":0,"43":0,"44":0,"45":0,"46":0,"47":0,"48":0,"49":0,"50":0,"51":0,"52":0,"53":0,"54":0,"55":0,"56":0,"57":0,"58":0,"59":0,"60":0,"61":0,"62":0,"63":0,"64":0,"65":0,"66":0,"67":0,"68":0,"69":0,"70":0,"71":0,"72":0,"73":0,"74":0,"75":0,"76":0,"77":0,"78":0,"79":0,"80":0,"81":0,"82":0,"83":0,"84":0,"85":0,"86":0,"87":0,"88":0,"89":0,"90":0,"91":0,"92":0,"93":0,"94":0,"95":0,"96":0,"97":0,"98":0,"99":0,"100":0,"101":0,"102":0,"103":0,"104":0,"105":0,"106":0,"107":0,"108":0,"109":0,"110":0,"111":0,"112":0,"113":0,"114":0,"115":0,"116":0,"117":0,"118":0},"f":{"0":0,"1":0,"2":0,"3":0,"4":0,"5":0,"6":0},"b":{"0":[0,0],"1":[0,0],"2":[0,0],"3":[0,0],"4":[0,0],"5":[0,0],"6":[0,0],"7":[0,0],"8":[0,0],"9":[0,0],"10":[0,0],"11":[0,0],"12":[0,0],"13":[0],"14":[0,0],"15":[0,0],"16":[0,0],"17":[0,0],"18":[0,0],"19":[0,0,0],"20":[0,0],"21":[0,0,0],"22":[0,0],"23":[0,0],"24":[0,0],"25":[0,0],"26":[0,0],"27":[0,0],"28":[0,0],"29":[0,0]}}
,"/mnt/persist/workspace/src/checkEquity.ts": {"path":"/mnt/persist/workspace/src/checkEquity.ts","statementMap":{"0":{"start":{"line":1,"column":0},"end":{"line":1,"column":50}},"1":{"start":{"line":4,"column":2},"end":{"line":4,"column":45}},"2":{"start":{"line":5,"column":2},"end":{"line":5,"column":31}},"3":{"start":{"line":7,"column":2},"end":{"line":73,"column":3}},"4":{"start":{"line":8,"column":22},"end":{"line":8,"column":39}},"5":{"start":{"line":9,"column":17},"end":{"line":9,"column":32}},"6":{"start":{"line":11,"column":4},"end":{"line":14,"column":5}},"7":{"start":{"line":12,"column":6},"end":{"line":12,"column":45}},"8":{"start":{"line":13,"column":6},"end":{"line":13,"column":13}},"9":{"start":{"line":16,"column":24},"end":{"line":16,"column":45}},"10":{"start":{"line":19,"column":28},"end":{"line":19,"column":53}},"11":{"start":{"line":20,"column":27},"end":{"line":20,"column":51}},"12":{"start":{"line":21,"column":26},"end":{"line":21,"column":49}},"13":{"start":{"line":22,"column":28},"end":{"line":22,"column":53}},"14":{"start":{"line":23,"column":32},"end":{"line":23,"column":61}},"15":{"start":{"line":25,"column":4},"end":{"line":25,"column":42}},"16":{"start":{"line":26,"column":4},"end":{"line":26,"column":87}},"17":{"start":{"line":27,"column":4},"end":{"line":27,"column":85}},"18":{"start":{"line":28,"column":4},"end":{"line":28,"column":88}},"19":{"start":{"line":29,"column":4},"end":{"line":29,"column":96}},"20":{"start":{"line":30,"column":4},"end":{"line":30,"column":83}},"21":{"start":{"line":32,"column":4},"end":{"line":32,"column":40}},"22":{"start":{"line":33,"column":4},"end":{"line":38,"column":7}},"23":{"start":{"line":34,"column":6},"end":{"line":37,"column":7}},"24":{"start":{"line":35,"column":24},"end":{"line":35,"column":58}},"25":{"start":{"line":36,"column":8},"end":{"line":36,"column":115}},"26":{"start":{"line":40,"column":4},"end":{"line":40,"column":40}},"27":{"start":{"line":41,"column":4},"end":{"line":55,"column":7}},"28":{"start":{"line":42,"column":6},"end":{"line":54,"column":7}},"29":{"start":{"line":43,"column":27},"end":{"line":43,"column":63}},"30":{"start":{"line":44,"column":28},"end":{"line":44,"column":65}},"31":{"start":{"line":45,"column":21},"end":{"line":45,"column":54}},"32":{"start":{"line":46,"column":8},"end":{"line":46,"column":130}},"33":{"start":{"line":48,"column":8},"end":{"line":53,"column":9}},"34":{"start":{"line":49,"column":41},"end":{"line":49,"column":85}},"35":{"start":{"line":50,"column":10},"end":{"line":50,"column":102}},"36":{"start":{"line":52,"column":10},"end":{"line":52,"column":65}},"37":{"start":{"line":57,"column":4},"end":{"line":57,"column":41}},"38":{"start":{"line":58,"column":4},"end":{"line":58,"column":75}},"39":{"start":{"line":59,"column":4},"end":{"line":59,"column":63}},"40":{"start":{"line":60,"column":4},"end":{"line":60,"column":67}},"41":{"start":{"line":61,"column":4},"end":{"line":61,"column":73}},"42":{"start":{"line":64,"column":22},"end":{"line":64,"column":47}},"43":{"start":{"line":65,"column":4},"end":{"line":65,"column":70}},"44":{"start":{"line":68,"column":21},"end":{"line":68,"column":80}},"45":{"start":{"line":69,"column":4},"end":{"line":69,"column":72}},"46":{"start":{"line":72,"column":4},"end":{"line":72,"column":53}},"47":{"start":{"line":76,"column":0},"end":{"line":81,"column":1}},"48":{"start":{"line":77,"column":2},"end":{"line":80,"column":26}},"49":{"start":{"line":78,"column":4},"end":{"line":78,"column":45}},"50":{"start":{"line":79,"column":4},"end":{"line":79,"column":20}}},"fnMap":{"0":{"name":"checkEquityDetails","decl":{"start":{"line":3,"column":15},"end":{"line":3,"column":33}},"loc":{"start":{"line":3,"column":33},"end":{"line":74,"column":1}}},"1":{"name":"(anonymous_1)","decl":{"start":{"line":33,"column":38},"end":{"line":33,"column":39}},"loc":{"start":{"line":33,"column":49},"end":{"line":38,"column":5}}},"2":{"name":"(anonymous_2)","decl":{"start":{"line":41,"column":38},"end":{"line":41,"column":39}},"loc":{"start":{"line":41,"column":49},"end":{"line":55,"column":5}}},"3":{"name":"(anonymous_3)","decl":{"start":{"line":77,"column":28},"end":{"line":77,"column":31}},"loc":{"start":{"line":77,"column":33},"end":{"line":80,"column":3}}}},"branchMap":{"0":{"loc":{"start":{"line":11,"column":4},"end":{"line":14,"column":5}},"type":"if","locations":[{"start":{"line":11,"column":4},"end":{"line":14,"column":5}},{"start":{},"end":{}}]},"1":{"loc":{"start":{"line":34,"column":6},"end":{"line":37,"column":7}},"type":"if","locations":[{"start":{"line":34,"column":6},"end":{"line":37,"column":7}},{"start":{},"end":{}}]},"2":{"loc":{"start":{"line":36,"column":75},"end":{"line":36,"column":110}},"type":"cond-expr","locations":[{"start":{"line":36,"column":89},"end":{"line":36,"column":96}},{"start":{"line":36,"column":99},"end":{"line":36,"column":110}}]},"3":{"loc":{"start":{"line":42,"column":6},"end":{"line":54,"column":7}},"type":"if","locations":[{"start":{"line":42,"column":6},"end":{"line":54,"column":7}},{"start":{},"end":{}}]},"4":{"loc":{"start":{"line":45,"column":21},"end":{"line":45,"column":54}},"type":"cond-expr","locations":[{"start":{"line":45,"column":38},"end":{"line":45,"column":44}},{"start":{"line":45,"column":47},"end":{"line":45,"column":54}}]},"5":{"loc":{"start":{"line":76,"column":0},"end":{"line":81,"column":1}},"type":"if","locations":[{"start":{"line":76,"column":0},"end":{"line":81,"column":1}},{"start":{},"end":{}}]}},"s":{"0":0,"1":0,"2":0,"3":0,"4":0,"5":0,"6":0,"7":0,"8":0,"9":0,"10":0,"11":0,"12":0,"13":0,"14":0,"15":0,"16":0,"17":0,"18":0,"19":0,"20":0,"21":0,"22":0,"23":0,"24":0,"25":0,"26":0,"27":0,"28":0,"29":0,"30":0,"31":0,"32":0,"33":0,"34":0,"35":0,"36":0,"37":0,"38":0,"39":0,"40":0,"41":0,"42":0,"43":0,"44":0,"45":0,"46":0,"47":0,"48":0,"49":0,"50":0},"f":{"0":0,"1":0,"2":0,"3":0},"b":{"0":[0,0],"1":[0,0],"2":[0,0],"3":[0,0],"4":[0,0],"5":[0,0]}}
,"/mnt/persist/workspace/src/config.ts": {"path":"/mnt/persist/workspace/src/config.ts","statementMap":{"0":{"start":{"line":1,"column":0},"end":{"line":1,"column":28}},"1":{"start":{"line":2,"column":0},"end":{"line":2,"column":24}},"2":{"start":{"line":4,"column":0},"end":{"line":4,"column":16}},"3":{"start":{"line":6,"column":18},"end":{"line":19,"column":2}},"4":{"start":{"line":21,"column":15},"end":{"line":21,"column":47}},"5":{"start":{"line":22,"column":0},"end":{"line":25,"column":1}},"6":{"start":{"line":23,"column":2},"end":{"line":23,"column":76}},"7":{"start":{"line":24,"column":2},"end":{"line":24,"column":18}},"8":{"start":{"line":27,"column":12},"end":{"line":27,"column":23}},"9":{"start":{"line":29,"column":13},"end":{"line":42,"column":11}},"10":{"start":{"line":44,"column":13},"end":{"line":44,"column":53}}},"fnMap":{},"branchMap":{"0":{"loc":{"start":{"line":22,"column":0},"end":{"line":25,"column":1}},"type":"if","locations":[{"start":{"line":22,"column":0},"end":{"line":25,"column":1}},{"start":{},"end":{}}]}},"s":{"0":0,"1":0,"2":0,"3":0,"4":0,"5":0,"6":0,"7":0,"8":0,"9":0,"10":0},"f":{},"b":{"0":[0,0]}}
,"/mnt/persist/workspace/src/db.ts": {"path":"/mnt/persist/workspace/src/db.ts","statementMap":{"0":{"start":{"line":36,"column":0},"end":{"line":36,"column":16}},"1":{"start":{"line":86,"column":0},"end":{"line":86,"column":16}},"2":{"start":{"line":109,"column":0},"end":{"line":109,"column":16}},"3":{"start":{"line":193,"column":0},"end":{"line":193,"column":16}},"4":{"start":{"line":222,"column":0},"end":{"line":222,"column":16}},"5":{"start":{"line":236,"column":0},"end":{"line":236,"column":16}},"6":{"start":{"line":1,"column":0},"end":{"line":1,"column":34}},"7":{"start":{"line":2,"column":0},"end":{"line":2,"column":20}},"8":{"start":{"line":3,"column":0},"end":{"line":3,"column":24}},"9":{"start":{"line":6,"column":14},"end":{"line":6,"column":18}},"10":{"start":{"line":24,"column":9},"end":{"line":24,"column":11}},"11":{"start":{"line":8,"column":0},"end":{"line":22,"column":1}},"12":{"start":{"line":9,"column":19},"end":{"line":9,"column":44}},"13":{"start":{"line":10,"column":17},"end":{"line":10,"column":115}},"14":{"start":{"line":12,"column":14},"end":{"line":12,"column":34}},"15":{"start":{"line":13,"column":2},"end":{"line":15,"column":3}},"16":{"start":{"line":14,"column":4},"end":{"line":14,"column":43}},"17":{"start":{"line":17,"column":2},"end":{"line":17,"column":28}},"18":{"start":{"line":18,"column":2},"end":{"line":18,"column":51}},"19":{"start":{"line":20,"column":2},"end":{"line":20,"column":116}},"20":{"start":{"line":21,"column":2},"end":{"line":21,"column":12}},"21":{"start":{"line":27,"column":2},"end":{"line":27,"column":24}},"22":{"start":{"line":27,"column":11},"end":{"line":27,"column":24}},"23":{"start":{"line":28,"column":2},"end":{"line":33,"column":3}},"24":{"start":{"line":29,"column":17},"end":{"line":29,"column":91}},"25":{"start":{"line":30,"column":4},"end":{"line":30,"column":45}},"26":{"start":{"line":30,"column":26},"end":{"line":30,"column":43}},"27":{"start":{"line":32,"column":4},"end":{"line":32,"column":17}},"28":{"start":{"line":37,"column":2},"end":{"line":40,"column":3}},"29":{"start":{"line":38,"column":4},"end":{"line":38,"column":103}},"30":{"start":{"line":39,"column":4},"end":{"line":39,"column":11}},"31":{"start":{"line":42,"column":2},"end":{"line":83,"column":3}},"32":{"start":{"line":44,"column":4},"end":{"line":54,"column":12}},"33":{"start":{"line":56,"column":4},"end":{"line":63,"column":12}},"34":{"start":{"line":66,"column":4},"end":{"line":68,"column":61}},"35":{"start":{"line":71,"column":4},"end":{"line":71,"column":41}},"36":{"start":{"line":72,"column":4},"end":{"line":72,"column":43}},"37":{"start":{"line":73,"column":4},"end":{"line":73,"column":42}},"38":{"start":{"line":74,"column":4},"end":{"line":74,"column":40}},"39":{"start":{"line":75,"column":4},"end":{"line":75,"column":40}},"40":{"start":{"line":76,"column":4},"end":{"line":76,"column":50}},"41":{"start":{"line":77,"column":4},"end":{"line":77,"column":48}},"42":{"start":{"line":78,"column":4},"end":{"line":78,"column":47}},"43":{"start":{"line":79,"column":4},"end":{"line":79,"column":55}},"44":{"start":{"line":81,"column":4},"end":{"line":81,"column":63}},"45":{"start":{"line":82,"column":4},"end":{"line":82,"column":103}},"46":{"start":{"line":87,"column":2},"end":{"line":90,"column":3}},"47":{"start":{"line":88,"column":4},"end":{"line":88,"column":64}},"48":{"start":{"line":89,"column":4},"end":{"line":89,"column":11}},"49":{"start":{"line":91,"column":2},"end":{"line":97,"column":3}},"50":{"start":{"line":92,"column":4},"end":{"line":94,"column":32}},"51":{"start":{"line":96,"column":4},"end":{"line":96,"column":64}},"52":{"start":{"line":101,"column":2},"end":{"line":101,"column":50}},"53":{"start":{"line":101,"column":43},"end":{"line":101,"column":50}},"54":{"start":{"line":102,"column":2},"end":{"line":106,"column":3}},"55":{"start":{"line":103,"column":4},"end":{"line":103,"column":74}},"56":{"start":{"line":110,"column":2},"end":{"line":113,"column":3}},"57":{"start":{"line":111,"column":4},"end":{"line":111,"column":64}},"58":{"start":{"line":112,"column":4},"end":{"line":112,"column":11}},"59":{"start":{"line":115,"column":2},"end":{"line":190,"column":3}},"60":{"start":{"line":116,"column":4},"end":{"line":116,"column":36}},"61":{"start":{"line":117,"column":4},"end":{"line":117,"column":38}},"62":{"start":{"line":119,"column":2},"end":{"line":130,"column":10}},"63":{"start":{"line":132,"column":2},"end":{"line":141,"column":10}},"64":{"start":{"line":144,"column":2},"end":{"line":148,"column":3}},"65":{"start":{"line":145,"column":4},"end":{"line":145,"column":49}},"66":{"start":{"line":147,"column":4},"end":{"line":147,"column":49}},"67":{"start":{"line":150,"column":2},"end":{"line":158,"column":10}},"68":{"start":{"line":161,"column":4},"end":{"line":161,"column":48}},"69":{"start":{"line":162,"column":4},"end":{"line":162,"column":48}},"70":{"start":{"line":163,"column":4},"end":{"line":163,"column":50}},"71":{"start":{"line":164,"column":4},"end":{"line":164,"column":50}},"72":{"start":{"line":165,"column":4},"end":{"line":165,"column":53}},"73":{"start":{"line":167,"column":4},"end":{"line":167,"column":43}},"74":{"start":{"line":168,"column":4},"end":{"line":168,"column":43}},"75":{"start":{"line":169,"column":4},"end":{"line":169,"column":44}},"76":{"start":{"line":170,"column":4},"end":{"line":170,"column":50}},"77":{"start":{"line":171,"column":4},"end":{"line":171,"column":52}},"78":{"start":{"line":173,"column":4},"end":{"line":173,"column":42}},"79":{"start":{"line":174,"column":4},"end":{"line":174,"column":42}},"80":{"start":{"line":175,"column":4},"end":{"line":175,"column":42}},"81":{"start":{"line":176,"column":4},"end":{"line":176,"column":42}},"82":{"start":{"line":177,"column":4},"end":{"line":177,"column":46}},"83":{"start":{"line":178,"column":4},"end":{"line":178,"column":51}},"84":{"start":{"line":181,"column":4},"end":{"line":187,"column":5}},"85":{"start":{"line":182,"column":6},"end":{"line":182,"column":90}},"86":{"start":{"line":183,"column":6},"end":{"line":183,"column":88}},"87":{"start":{"line":184,"column":6},"end":{"line":184,"column":75}},"88":{"start":{"line":186,"column":6},"end":{"line":186,"column":58}},"89":{"start":{"line":189,"column":4},"end":{"line":189,"column":58}},"90":{"start":{"line":201,"column":2},"end":{"line":204,"column":3}},"91":{"start":{"line":202,"column":4},"end":{"line":202,"column":110}},"92":{"start":{"line":203,"column":4},"end":{"line":203,"column":11}},"93":{"start":{"line":205,"column":2},"end":{"line":219,"column":3}},"94":{"start":{"line":206,"column":4},"end":{"line":216,"column":6}},"95":{"start":{"line":218,"column":4},"end":{"line":218,"column":110}},"96":{"start":{"line":223,"column":2},"end":{"line":226,"column":3}},"97":{"start":{"line":224,"column":4},"end":{"line":224,"column":90}},"98":{"start":{"line":225,"column":4},"end":{"line":225,"column":11}},"99":{"start":{"line":227,"column":2},"end":{"line":233,"column":3}},"100":{"start":{"line":228,"column":4},"end":{"line":230,"column":58}},"101":{"start":{"line":232,"column":4},"end":{"line":232,"column":90}},"102":{"start":{"line":237,"column":2},"end":{"line":240,"column":3}},"103":{"start":{"line":238,"column":4},"end":{"line":238,"column":83}},"104":{"start":{"line":239,"column":4},"end":{"line":239,"column":11}},"105":{"start":{"line":241,"column":2},"end":{"line":247,"column":3}},"106":{"start":{"line":242,"column":4},"end":{"line":244,"column":46}},"107":{"start":{"line":246,"column":4},"end":{"line":246,"column":83}}},"fnMap":{"0":{"name":"columnExists","decl":{"start":{"line":26,"column":9},"end":{"line":26,"column":21}},"loc":{"start":{"line":26,"column":51},"end":{"line":34,"column":1}}},"1":{"name":"(anonymous_2)","decl":{"start":{"line":30,"column":21},"end":{"line":30,"column":22}},"loc":{"start":{"line":30,"column":26},"end":{"line":30,"column":43}}},"2":{"name":"logTrade","decl":{"start":{"line":36,"column":16},"end":{"line":36,"column":24}},"loc":{"start":{"line":36,"column":96},"end":{"line":84,"column":1}}},"3":{"name":"logPerformance","decl":{"start":{"line":86,"column":16},"end":{"line":86,"column":30}},"loc":{"start":{"line":86,"column":64},"end":{"line":98,"column":1}}},"4":{"name":"ensureColumn","decl":{"start":{"line":100,"column":9},"end":{"line":100,"column":21}},"loc":{"start":{"line":100,"column":65},"end":{"line":107,"column":1}}},"5":{"name":"initDB","decl":{"start":{"line":109,"column":16},"end":{"line":109,"column":22}},"loc":{"start":{"line":109,"column":22},"end":{"line":191,"column":1}}},"6":{"name":"logSignal","decl":{"start":{"line":193,"column":16},"end":{"line":193,"column":25}},"loc":{"start":{"line":200,"column":1},"end":{"line":220,"column":1}}},"7":{"name":"logOrder","decl":{"start":{"line":222,"column":16},"end":{"line":222,"column":24}},"loc":{"start":{"line":222,"column":96},"end":{"line":234,"column":1}}},"8":{"name":"logPnl","decl":{"start":{"line":236,"column":16},"end":{"line":236,"column":22}},"loc":{"start":{"line":236,"column":78},"end":{"line":248,"column":1}}}},"branchMap":{"0":{"loc":{"start":{"line":10,"column":17},"end":{"line":10,"column":115}},"type":"cond-expr","locations":[{"start":{"line":10,"column":50},"end":{"line":10,"column":94}},{"start":{"line":10,"column":97},"end":{"line":10,"column":115}}]},"1":{"loc":{"start":{"line":10,"column":17},"end":{"line":10,"column":46}},"type":"binary-expr","locations":[{"start":{"line":10,"column":17},"end":{"line":10,"column":36}},{"start":{"line":10,"column":40},"end":{"line":10,"column":46}}]},"2":{"loc":{"start":{"line":10,"column":50},"end":{"line":10,"column":94}},"type":"binary-expr","locations":[{"start":{"line":10,"column":50},"end":{"line":10,"column":72}},{"start":{"line":10,"column":76},"end":{"line":10,"column":94}}]},"3":{"loc":{"start":{"line":13,"column":2},"end":{"line":15,"column":3}},"type":"if","locations":[{"start":{"line":13,"column":2},"end":{"line":15,"column":3}},{"start":{},"end":{}}]},"4":{"loc":{"start":{"line":27,"column":2},"end":{"line":27,"column":24}},"type":"if","locations":[{"start":{"line":27,"column":2},"end":{"line":27,"column":24}},{"start":{},"end":{}}]},"5":{"loc":{"start":{"line":37,"column":2},"end":{"line":40,"column":3}},"type":"if","locations":[{"start":{"line":37,"column":2},"end":{"line":40,"column":3}},{"start":{},"end":{}}]},"6":{"loc":{"start":{"line":87,"column":2},"end":{"line":90,"column":3}},"type":"if","locations":[{"start":{"line":87,"column":2},"end":{"line":90,"column":3}},{"start":{},"end":{}}]},"7":{"loc":{"start":{"line":101,"column":2},"end":{"line":101,"column":50}},"type":"if","locations":[{"start":{"line":101,"column":2},"end":{"line":101,"column":50}},{"start":{},"end":{}}]},"8":{"loc":{"start":{"line":101,"column":6},"end":{"line":101,"column":41}},"type":"binary-expr","locations":[{"start":{"line":101,"column":6},"end":{"line":101,"column":9}},{"start":{"line":101,"column":13},"end":{"line":101,"column":41}}]},"9":{"loc":{"start":{"line":110,"column":2},"end":{"line":113,"column":3}},"type":"if","locations":[{"start":{"line":110,"column":2},"end":{"line":113,"column":3}},{"start":{},"end":{}}]},"10":{"loc":{"start":{"line":201,"column":2},"end":{"line":204,"column":3}},"type":"if","locations":[{"start":{"line":201,"column":2},"end":{"line":204,"column":3}},{"start":{},"end":{}}]},"11":{"loc":{"start":{"line":202,"column":68},"end":{"line":202,"column":106}},"type":"cond-expr","locations":[{"start":{"line":202,"column":82},"end":{"line":202,"column":91}},{"start":{"line":202,"column":94},"end":{"line":202,"column":106}}]},"12":{"loc":{"start":{"line":213,"column":6},"end":{"line":213,"column":25}},"type":"cond-expr","locations":[{"start":{"line":213,"column":20},"end":{"line":213,"column":21}},{"start":{"line":213,"column":24},"end":{"line":213,"column":25}}]},"13":{"loc":{"start":{"line":218,"column":68},"end":{"line":218,"column":106}},"type":"cond-expr","locations":[{"start":{"line":218,"column":82},"end":{"line":218,"column":91}},{"start":{"line":218,"column":94},"end":{"line":218,"column":106}}]},"14":{"loc":{"start":{"line":223,"column":2},"end":{"line":226,"column":3}},"type":"if","locations":[{"start":{"line":223,"column":2},"end":{"line":226,"column":3}},{"start":{},"end":{}}]},"15":{"loc":{"start":{"line":237,"column":2},"end":{"line":240,"column":3}},"type":"if","locations":[{"start":{"line":237,"column":2},"end":{"line":240,"column":3}},{"start":{},"end":{}}]}},"s":{"0":0,"1":0,"2":0,"3":0,"4":0,"5":0,"6":0,"7":0,"8":0,"9":0,"10":0,"11":0,"12":0,"13":0,"14":0,"15":0,"16":0,"17":0,"18":0,"19":0,"20":0,"21":0,"22":0,"23":0,"24":0,"25":0,"26":0,"27":0,"28":0,"29":0,"30":0,"31":0,"32":0,"33":0,"34":0,"35":0,"36":0,"37":0,"38":0,"39":0,"40":0,"41":0,"42":0,"43":0,"44":0,"45":0,"46":0,"47":0,"48":0,"49":0,"50":0,"51":0,"52":0,"53":0,"54":0,"55":0,"56":0,"57":0,"58":0,"59":0,"60":0,"61":0,"62":0,"63":0,"64":0,"65":0,"66":0,"67":0,"68":0,"69":0,"70":0,"71":0,"72":0,"73":0,"74":0,"75":0,"76":0,"77":0,"78":0,"79":0,"80":0,"81":0,"82":0,"83":0,"84":0,"85":0,"86":0,"87":0,"88":0,"89":0,"90":0,"91":0,"92":0,"93":0,"94":0,"95":0,"96":0,"97":0,"98":0,"99":0,"100":0,"101":0,"102":0,"103":0,"104":0,"105":0,"106":0,"107":0},"f":{"0":0,"1":0,"2":0,"3":0,"4":0,"5":0,"6":0,"7":0,"8":0},"b":{"0":[0,0],"1":[0,0],"2":[0,0],"3":[0,0],"4":[0,0],"5":[0,0],"6":[0,0],"7":[0,0],"8":[0,0],"9":[0,0],"10":[0,0],"11":[0,0],"12":[0,0],"13":[0,0],"14":[0,0],"15":[0,0]}}
,"/mnt/persist/workspace/src/drift.ts": {"path":"/mnt/persist/workspace/src/drift.ts","statementMap":{"0":{"start":{"line":18,"column":0},"end":{"line":18,"column":7}},"1":{"start":{"line":42,"column":0},"end":{"line":42,"column":7}},"2":{"start":{"line":48,"column":0},"end":{"line":48,"column":7}},"3":{"start":{"line":53,"column":0},"end":{"line":53,"column":7}},"4":{"start":{"line":106,"column":0},"end":{"line":106,"column":16}},"5":{"start":{"line":150,"column":0},"end":{"line":150,"column":7}},"6":{"start":{"line":182,"column":0},"end":{"line":182,"column":7}},"7":{"start":{"line":1,"column":0},"end":{"line":1,"column":null}},"8":{"start":{"line":9,"column":0},"end":{"line":9,"column":65}},"9":{"start":{"line":10,"column":0},"end":{"line":10,"column":24}},"10":{"start":{"line":11,"column":0},"end":{"line":11,"column":34}},"11":{"start":{"line":12,"column":0},"end":{"line":12,"column":23}},"12":{"start":{"line":15,"column":64},"end":{"line":15,"column":68}},"13":{"start":{"line":16,"column":24},"end":{"line":16,"column":28}},"14":{"start":{"line":19,"column":21},"end":{"line":19,"column":66}},"15":{"start":{"line":21,"column":13},"end":{"line":21,"column":78}},"16":{"start":{"line":22,"column":17},"end":{"line":22,"column":31}},"17":{"start":{"line":24,"column":16},"end":{"line":28,"column":4}},"18":{"start":{"line":30,"column":2},"end":{"line":30,"column":26}},"19":{"start":{"line":32,"column":21},"end":{"line":32,"column":63}},"20":{"start":{"line":33,"column":2},"end":{"line":35,"column":3}},"21":{"start":{"line":34,"column":4},"end":{"line":34,"column":66}},"22":{"start":{"line":37,"column":24},"end":{"line":37,"column":95}},"23":{"start":{"line":39,"column":2},"end":{"line":39,"column":46}},"24":{"start":{"line":43,"column":17},"end":{"line":43,"column":52}},"25":{"start":{"line":44,"column":2},"end":{"line":44,"column":43}},"26":{"start":{"line":44,"column":32},"end":{"line":44,"column":43}},"27":{"start":{"line":45,"column":2},"end":{"line":45,"column":16}},"28":{"start":{"line":49,"column":17},"end":{"line":49,"column":69}},"29":{"start":{"line":50,"column":2},"end":{"line":50,"column":39}},"30":{"start":{"line":54,"column":14},"end":{"line":54,"column":24}},"31":{"start":{"line":57,"column":2},"end":{"line":59,"column":3}},"32":{"start":{"line":58,"column":4},"end":{"line":58,"column":30}},"33":{"start":{"line":61,"column":2},"end":{"line":103,"column":3}},"34":{"start":{"line":62,"column":17},"end":{"line":62,"column":32}},"35":{"start":{"line":63,"column":4},"end":{"line":63,"column":50}},"36":{"start":{"line":63,"column":15},"end":{"line":63,"column":50}},"37":{"start":{"line":66,"column":24},"end":{"line":66,"column":45}},"38":{"start":{"line":67,"column":28},"end":{"line":67,"column":53}},"39":{"start":{"line":68,"column":27},"end":{"line":68,"column":51}},"40":{"start":{"line":69,"column":26},"end":{"line":69,"column":49}},"41":{"start":{"line":71,"column":4},"end":{"line":92,"column":5}},"42":{"start":{"line":72,"column":6},"end":{"line":72,"column":43}},"43":{"start":{"line":73,"column":6},"end":{"line":73,"column":82}},"44":{"start":{"line":74,"column":6},"end":{"line":74,"column":80}},"45":{"start":{"line":75,"column":6},"end":{"line":75,"column":78}},"46":{"start":{"line":76,"column":6},"end":{"line":76,"column":75}},"47":{"start":{"line":77,"column":6},"end":{"line":77,"column":75}},"48":{"start":{"line":80,"column":6},"end":{"line":84,"column":9}},"49":{"start":{"line":81,"column":8},"end":{"line":83,"column":9}},"50":{"start":{"line":82,"column":10},"end":{"line":82,"column":105}},"51":{"start":{"line":87,"column":6},"end":{"line":91,"column":9}},"52":{"start":{"line":88,"column":8},"end":{"line":90,"column":9}},"53":{"start":{"line":89,"column":10},"end":{"line":89,"column":107}},"54":{"start":{"line":94,"column":22},"end":{"line":94,"column":54}},"55":{"start":{"line":97,"column":4},"end":{"line":97,"column":56}},"56":{"start":{"line":99,"column":4},"end":{"line":99,"column":21}},"57":{"start":{"line":101,"column":4},"end":{"line":101,"column":74}},"58":{"start":{"line":102,"column":4},"end":{"line":102,"column":38}},"59":{"start":{"line":107,"column":2},"end":{"line":138,"column":3}},"60":{"start":{"line":108,"column":23},"end":{"line":108,"column":58}},"61":{"start":{"line":109,"column":4},"end":{"line":109,"column":33}},"62":{"start":{"line":109,"column":21},"end":{"line":109,"column":33}},"63":{"start":{"line":111,"column":17},"end":{"line":111,"column":32}},"64":{"start":{"line":112,"column":4},"end":{"line":112,"column":27}},"65":{"start":{"line":112,"column":15},"end":{"line":112,"column":27}},"66":{"start":{"line":114,"column":26},"end":{"line":114,"column":61}},"67":{"start":{"line":115,"column":21},"end":{"line":115,"column":90}},"68":{"start":{"line":115,"column":47},"end":{"line":115,"column":89}},"69":{"start":{"line":117,"column":4},"end":{"line":119,"column":5}},"70":{"start":{"line":118,"column":6},"end":{"line":118,"column":18}},"71":{"start":{"line":121,"column":21},"end":{"line":121,"column":72}},"72":{"start":{"line":122,"column":17},"end":{"line":122,"column":74}},"73":{"start":{"line":123,"column":21},"end":{"line":123,"column":107}},"74":{"start":{"line":127,"column":4},"end":{"line":132,"column":5}},"75":{"start":{"line":128,"column":30},"end":{"line":128,"column":81}},"76":{"start":{"line":129,"column":6},"end":{"line":129,"column":55}},"77":{"start":{"line":134,"column":4},"end":{"line":134,"column":55}},"78":{"start":{"line":136,"column":4},"end":{"line":136,"column":56}},"79":{"start":{"line":137,"column":4},"end":{"line":137,"column":16}},"80":{"start":{"line":158,"column":14},"end":{"line":158,"column":50}},"81":{"start":{"line":159,"column":2},"end":{"line":159,"column":67}},"82":{"start":{"line":159,"column":26},"end":{"line":159,"column":67}},"83":{"start":{"line":161,"column":19},"end":{"line":161,"column":36}},"84":{"start":{"line":164,"column":19},"end":{"line":164,"column":22}},"85":{"start":{"line":165,"column":2},"end":{"line":169,"column":3}},"86":{"start":{"line":166,"column":4},"end":{"line":166,"column":42}},"87":{"start":{"line":168,"column":4},"end":{"line":168,"column":42}},"88":{"start":{"line":171,"column":2},"end":{"line":179,"column":5}},"89":{"start":{"line":183,"column":15},"end":{"line":183,"column":30}},"90":{"start":{"line":184,"column":2},"end":{"line":184,"column":20}},"91":{"start":{"line":184,"column":13},"end":{"line":184,"column":20}},"92":{"start":{"line":185,"column":24},"end":{"line":185,"column":59}},"93":{"start":{"line":186,"column":2},"end":{"line":197,"column":3}},"94":{"start":{"line":187,"column":4},"end":{"line":187,"column":55}},"95":{"start":{"line":187,"column":46},"end":{"line":187,"column":55}},"96":{"start":{"line":188,"column":17},"end":{"line":188,"column":69}},"97":{"start":{"line":189,"column":4},"end":{"line":196,"column":7}}},"fnMap":{"0":{"name":"initDrift","decl":{"start":{"line":18,"column":22},"end":{"line":18,"column":31}},"loc":{"start":{"line":18,"column":31},"end":{"line":40,"column":1}}},"1":{"name":"getPerpMidPrice","decl":{"start":{"line":42,"column":22},"end":{"line":42,"column":37}},"loc":{"start":{"line":42,"column":83},"end":{"line":46,"column":1}}},"2":{"name":"getOraclePrice","decl":{"start":{"line":48,"column":22},"end":{"line":48,"column":36}},"loc":{"start":{"line":48,"column":82},"end":{"line":51,"column":1}}},"3":{"name":"getEquityUsd","decl":{"start":{"line":53,"column":22},"end":{"line":53,"column":34}},"loc":{"start":{"line":53,"column":77},"end":{"line":104,"column":1}}},"4":{"name":"(anonymous_5)","decl":{"start":{"line":80,"column":40},"end":{"line":80,"column":41}},"loc":{"start":{"line":80,"column":51},"end":{"line":84,"column":7}}},"5":{"name":"(anonymous_6)","decl":{"start":{"line":87,"column":40},"end":{"line":87,"column":41}},"loc":{"start":{"line":87,"column":51},"end":{"line":91,"column":7}}},"6":{"name":"getOpenPosition","decl":{"start":{"line":106,"column":16},"end":{"line":106,"column":31}},"loc":{"start":{"line":106,"column":66},"end":{"line":139,"column":1}}},"7":{"name":"(anonymous_8)","decl":{"start":{"line":115,"column":40},"end":{"line":115,"column":43}},"loc":{"start":{"line":115,"column":47},"end":{"line":115,"column":89}}},"8":{"name":"placePerpIocByNotional","decl":{"start":{"line":150,"column":22},"end":{"line":150,"column":44}},"loc":{"start":{"line":157,"column":12},"end":{"line":180,"column":1}}},"9":{"name":"closeAllPositions","decl":{"start":{"line":182,"column":22},"end":{"line":182,"column":39}},"loc":{"start":{"line":182,"column":58},"end":{"line":198,"column":1}}}},"branchMap":{"0":{"loc":{"start":{"line":33,"column":2},"end":{"line":35,"column":3}},"type":"if","locations":[{"start":{"line":33,"column":2},"end":{"line":35,"column":3}},{"start":{},"end":{}}]},"1":{"loc":{"start":{"line":44,"column":2},"end":{"line":44,"column":43}},"type":"if","locations":[{"start":{"line":44,"column":2},"end":{"line":44,"column":43}},{"start":{},"end":{}}]},"2":{"loc":{"start":{"line":44,"column":6},"end":{"line":44,"column":30}},"type":"binary-expr","locations":[{"start":{"line":44,"column":6},"end":{"line":44,"column":13}},{"start":{"line":44,"column":17},"end":{"line":44,"column":30}}]},"3":{"loc":{"start":{"line":53,"column":55},"end":{"line":53,"column":77}},"type":"default-arg","locations":[{"start":{"line":53,"column":72},"end":{"line":53,"column":77}}]},"4":{"loc":{"start":{"line":57,"column":2},"end":{"line":59,"column":3}},"type":"if","locations":[{"start":{"line":57,"column":2},"end":{"line":59,"column":3}},{"start":{},"end":{}}]},"5":{"loc":{"start":{"line":57,"column":6},"end":{"line":57,"column":70}},"type":"binary-expr","locations":[{"start":{"line":57,"column":6},"end":{"line":57,"column":18}},{"start":{"line":57,"column":22},"end":{"line":57,"column":70}}]},"6":{"loc":{"start":{"line":63,"column":4},"end":{"line":63,"column":50}},"type":"if","locations":[{"start":{"line":63,"column":4},"end":{"line":63,"column":50}},{"start":{},"end":{}}]},"7":{"loc":{"start":{"line":71,"column":4},"end":{"line":92,"column":5}},"type":"if","locations":[{"start":{"line":71,"column":4},"end":{"line":92,"column":5}},{"start":{},"end":{}}]},"8":{"loc":{"start":{"line":81,"column":8},"end":{"line":83,"column":9}},"type":"if","locations":[{"start":{"line":81,"column":8},"end":{"line":83,"column":9}},{"start":{},"end":{}}]},"9":{"loc":{"start":{"line":88,"column":8},"end":{"line":90,"column":9}},"type":"if","locations":[{"start":{"line":88,"column":8},"end":{"line":90,"column":9}},{"start":{},"end":{}}]},"10":{"loc":{"start":{"line":102,"column":11},"end":{"line":102,"column":37}},"type":"binary-expr","locations":[{"start":{"line":102,"column":11},"end":{"line":102,"column":30}},{"start":{"line":102,"column":34},"end":{"line":102,"column":37}}]},"11":{"loc":{"start":{"line":109,"column":4},"end":{"line":109,"column":33}},"type":"if","locations":[{"start":{"line":109,"column":4},"end":{"line":109,"column":33}},{"start":{},"end":{}}]},"12":{"loc":{"start":{"line":112,"column":4},"end":{"line":112,"column":27}},"type":"if","locations":[{"start":{"line":112,"column":4},"end":{"line":112,"column":27}},{"start":{},"end":{}}]},"13":{"loc":{"start":{"line":117,"column":4},"end":{"line":119,"column":5}},"type":"if","locations":[{"start":{"line":117,"column":4},"end":{"line":119,"column":5}},{"start":{},"end":{}}]},"14":{"loc":{"start":{"line":117,"column":8},"end":{"line":117,"column":54}},"type":"binary-expr","locations":[{"start":{"line":117,"column":8},"end":{"line":117,"column":17}},{"start":{"line":117,"column":21},"end":{"line":117,"column":54}}]},"15":{"loc":{"start":{"line":122,"column":17},"end":{"line":122,"column":74}},"type":"cond-expr","locations":[{"start":{"line":122,"column":58},"end":{"line":122,"column":64}},{"start":{"line":122,"column":67},"end":{"line":122,"column":74}}]},"16":{"loc":{"start":{"line":156,"column":2},"end":{"line":156,"column":20}},"type":"default-arg","locations":[{"start":{"line":156,"column":15},"end":{"line":156,"column":20}}]},"17":{"loc":{"start":{"line":159,"column":2},"end":{"line":159,"column":67}},"type":"if","locations":[{"start":{"line":159,"column":2},"end":{"line":159,"column":67}},{"start":{},"end":{}}]},"18":{"loc":{"start":{"line":159,"column":6},"end":{"line":159,"column":24}},"type":"binary-expr","locations":[{"start":{"line":159,"column":6},"end":{"line":159,"column":10}},{"start":{"line":159,"column":14},"end":{"line":159,"column":24}}]},"19":{"loc":{"start":{"line":165,"column":2},"end":{"line":169,"column":3}},"type":"if","locations":[{"start":{"line":165,"column":2},"end":{"line":169,"column":3}},{"start":{"line":167,"column":9},"end":{"line":169,"column":3}}]},"20":{"loc":{"start":{"line":173,"column":15},"end":{"line":173,"column":81}},"type":"cond-expr","locations":[{"start":{"line":173,"column":33},"end":{"line":173,"column":55}},{"start":{"line":173,"column":58},"end":{"line":173,"column":81}}]},"21":{"loc":{"start":{"line":184,"column":2},"end":{"line":184,"column":20}},"type":"if","locations":[{"start":{"line":184,"column":2},"end":{"line":184,"column":20}},{"start":{},"end":{}}]},"22":{"loc":{"start":{"line":187,"column":4},"end":{"line":187,"column":55}},"type":"if","locations":[{"start":{"line":187,"column":4},"end":{"line":187,"column":55}},{"start":{},"end":{}}]},"23":{"loc":{"start":{"line":187,"column":8},"end":{"line":187,"column":44}},"type":"binary-expr","locations":[{"start":{"line":187,"column":8},"end":{"line":187,"column":12}},{"start":{"line":187,"column":16},"end":{"line":187,"column":44}}]},"24":{"loc":{"start":{"line":188,"column":17},"end":{"line":188,"column":69}},"type":"cond-expr","locations":[{"start":{"line":188,"column":53},"end":{"line":188,"column":60}},{"start":{"line":188,"column":63},"end":{"line":188,"column":69}}]}},"s":{"0":0,"1":0,"2":0,"3":0,"4":0,"5":0,"6":0,"7":0,"8":0,"9":0,"10":0,"11":0,"12":0,"13":0,"14":0,"15":0,"16":0,"17":0,"18":0,"19":0,"20":0,"21":0,"22":0,"23":0,"24":0,"25":0,"26":0,"27":0,"28":0,"29":0,"30":0,"31":0,"32":0,"33":0,"34":0,"35":0,"36":0,"37":0,"38":0,"39":0,"40":0,"41":0,"42":0,"43":0,"44":0,"45":0,"46":0,"47":0,"48":0,"49":0,"50":0,"51":0,"52":0,"53":0,"54":0,"55":0,"56":0,"57":0,"58":0,"59":0,"60":0,"61":0,"62":0,"63":0,"64":0,"65":0,"66":0,"67":0,"68":0,"69":0,"70":0,"71":0,"72":0,"73":0,"74":0,"75":0,"76":0,"77":0,"78":0,"79":0,"80":0,"81":0,"82":0,"83":0,"84":0,"85":0,"86":0,"87":0,"88":0,"89":0,"90":0,"91":0,"92":0,"93":0,"94":0,"95":0,"96":0,"97":0},"f":{"0":0,"1":0,"2":0,"3":0,"4":0,"5":0,"6":0,"7":0,"8":0,"9":0},"b":{"0":[0,0],"1":[0,0],"2":[0,0],"3":[0],"4":[0,0],"5":[0,0],"6":[0,0],"7":[0,0],"8":[0,0],"9":[0,0],"10":[0,0],"11":[0,0],"12":[0,0],"13":[0,0],"14":[0,0],"15":[0,0],"16":[0],"17":[0,0],"18":[0,0],"19":[0,0],"20":[0,0],"21":[0,0],"22":[0,0],"23":[0,0],"24":[0,0]}}
,"/mnt/persist/workspace/src/engine.ts": {"path":"/mnt/persist/workspace/src/engine.ts","statementMap":{"0":{"start":{"line":21,"column":0},"end":{"line":21,"column":7}},"1":{"start":{"line":3,"column":0},"end":{"line":3,"column":55}},"2":{"start":{"line":4,"column":0},"end":{"line":4,"column":61}},"3":{"start":{"line":5,"column":0},"end":{"line":5,"column":37}},"4":{"start":{"line":6,"column":0},"end":{"line":6,"column":36}},"5":{"start":{"line":26,"column":15},"end":{"line":26,"column":59}},"6":{"start":{"line":27,"column":14},"end":{"line":27,"column":69}},"7":{"start":{"line":28,"column":19},"end":{"line":37,"column":4}},"8":{"start":{"line":40,"column":20},"end":{"line":40,"column":59}},"9":{"start":{"line":43,"column":2},"end":{"line":47,"column":3}},"10":{"start":{"line":44,"column":4},"end":{"line":44,"column":41}},"11":{"start":{"line":46,"column":4},"end":{"line":46,"column":32}},"12":{"start":{"line":49,"column":37},"end":{"line":52,"column":4}},"13":{"start":{"line":55,"column":2},"end":{"line":69,"column":3}},"14":{"start":{"line":56,"column":23},"end":{"line":56,"column":48}},"15":{"start":{"line":57,"column":4},"end":{"line":66,"column":6}},"16":{"start":{"line":68,"column":4},"end":{"line":68,"column":54}},"17":{"start":{"line":72,"column":2},"end":{"line":72,"column":62}},"18":{"start":{"line":75,"column":2},"end":{"line":75,"column":47}},"19":{"start":{"line":77,"column":2},"end":{"line":77,"column":23}}},"fnMap":{"0":{"name":"runTick","decl":{"start":{"line":21,"column":22},"end":{"line":21,"column":29}},"loc":{"start":{"line":23,"column":18},"end":{"line":78,"column":1}}}},"branchMap":{"0":{"loc":{"start":{"line":30,"column":13},"end":{"line":30,"column":40}},"type":"binary-expr","locations":[{"start":{"line":30,"column":13},"end":{"line":30,"column":35}},{"start":{"line":30,"column":39},"end":{"line":30,"column":40}}]},"1":{"loc":{"start":{"line":33,"column":17},"end":{"line":33,"column":42}},"type":"binary-expr","locations":[{"start":{"line":33,"column":17},"end":{"line":33,"column":37}},{"start":{"line":33,"column":41},"end":{"line":33,"column":42}}]},"2":{"loc":{"start":{"line":34,"column":30},"end":{"line":34,"column":56}},"type":"binary-expr","locations":[{"start":{"line":34,"column":30},"end":{"line":34,"column":51}},{"start":{"line":34,"column":55},"end":{"line":34,"column":56}}]},"3":{"loc":{"start":{"line":40,"column":20},"end":{"line":40,"column":59}},"type":"binary-expr","locations":[{"start":{"line":40,"column":20},"end":{"line":40,"column":51}},{"start":{"line":40,"column":55},"end":{"line":40,"column":59}}]},"4":{"loc":{"start":{"line":43,"column":2},"end":{"line":47,"column":3}},"type":"if","locations":[{"start":{"line":43,"column":2},"end":{"line":47,"column":3}},{"start":{"line":45,"column":9},"end":{"line":47,"column":3}}]},"5":{"loc":{"start":{"line":50,"column":12},"end":{"line":50,"column":81}},"type":"cond-expr","locations":[{"start":{"line":50,"column":28},"end":{"line":50,"column":72}},{"start":{"line":50,"column":75},"end":{"line":50,"column":81}}]},"6":{"loc":{"start":{"line":55,"column":2},"end":{"line":69,"column":3}},"type":"if","locations":[{"start":{"line":55,"column":2},"end":{"line":69,"column":3}},{"start":{},"end":{}}]},"7":{"loc":{"start":{"line":59,"column":8},"end":{"line":63,"column":18}},"type":"cond-expr","locations":[{"start":{"line":60,"column":12},"end":{"line":60,"column":18}},{"start":{"line":61,"column":12},"end":{"line":63,"column":18}}]},"8":{"loc":{"start":{"line":61,"column":12},"end":{"line":63,"column":18}},"type":"cond-expr","locations":[{"start":{"line":62,"column":12},"end":{"line":62,"column":19}},{"start":{"line":63,"column":12},"end":{"line":63,"column":18}}]}},"s":{"0":0,"1":0,"2":0,"3":0,"4":0,"5":0,"6":0,"7":0,"8":0,"9":0,"10":0,"11":0,"12":0,"13":0,"14":0,"15":0,"16":0,"17":0,"18":0,"19":0},"f":{"0":0},"b":{"0":[0,0],"1":[0,0],"2":[0,0],"3":[0,0],"4":[0,0],"5":[0,0],"6":[0,0],"7":[0,0],"8":[0,0]}}
,"/mnt/persist/workspace/src/leverageAnalysis.ts": {"path":"/mnt/persist/workspace/src/leverageAnalysis.ts","statementMap":{"0":{"start":{"line":184,"column":0},"end":{"line":184,"column":7}},"1":{"start":{"line":1,"column":0},"end":{"line":1,"column":61}},"2":{"start":{"line":2,"column":0},"end":{"line":2,"column":50}},"3":{"start":{"line":41,"column":2},"end":{"line":51,"column":3}},"4":{"start":{"line":43,"column":4},"end":{"line":47,"column":5}},"5":{"start":{"line":44,"column":18},"end":{"line":44,"column":55}},"6":{"start":{"line":45,"column":6},"end":{"line":45,"column":23}},"7":{"start":{"line":46,"column":6},"end":{"line":46,"column":26}},"8":{"start":{"line":48,"column":4},"end":{"line":48,"column":24}},"9":{"start":{"line":49,"column":4},"end":{"line":49,"column":29}},"10":{"start":{"line":50,"column":4},"end":{"line":50,"column":30}},"11":{"start":{"line":53,"column":2},"end":{"line":62,"column":3}},"12":{"start":{"line":54,"column":4},"end":{"line":58,"column":5}},"13":{"start":{"line":55,"column":18},"end":{"line":55,"column":55}},"14":{"start":{"line":56,"column":6},"end":{"line":56,"column":23}},"15":{"start":{"line":57,"column":6},"end":{"line":57,"column":26}},"16":{"start":{"line":59,"column":4},"end":{"line":59,"column":25}},"17":{"start":{"line":60,"column":4},"end":{"line":60,"column":29}},"18":{"start":{"line":61,"column":4},"end":{"line":61,"column":30}},"19":{"start":{"line":64,"column":2},"end":{"line":86,"column":3}},"20":{"start":{"line":65,"column":14},"end":{"line":65,"column":15}},"21":{"start":{"line":66,"column":4},"end":{"line":70,"column":5}},"22":{"start":{"line":67,"column":6},"end":{"line":67,"column":50}},"23":{"start":{"line":68,"column":11},"end":{"line":70,"column":5}},"24":{"start":{"line":69,"column":6},"end":{"line":69,"column":50}},"25":{"start":{"line":71,"column":4},"end":{"line":71,"column":21}},"26":{"start":{"line":72,"column":4},"end":{"line":72,"column":24}},"27":{"start":{"line":73,"column":4},"end":{"line":73,"column":24}},"28":{"start":{"line":74,"column":4},"end":{"line":74,"column":25}},"29":{"start":{"line":77,"column":4},"end":{"line":79,"column":5}},"30":{"start":{"line":78,"column":6},"end":{"line":78,"column":37}},"31":{"start":{"line":80,"column":4},"end":{"line":80,"column":78}},"32":{"start":{"line":81,"column":4},"end":{"line":83,"column":5}},"33":{"start":{"line":82,"column":6},"end":{"line":82,"column":41}},"34":{"start":{"line":85,"column":4},"end":{"line":85,"column":35}},"35":{"start":{"line":88,"column":2},"end":{"line":88,"column":29}},"36":{"start":{"line":99,"column":19},"end":{"line":99,"column":42}},"37":{"start":{"line":100,"column":20},"end":{"line":100,"column":73}},"38":{"start":{"line":102,"column":29},"end":{"line":110,"column":4}},"39":{"start":{"line":112,"column":25},"end":{"line":112,"column":83}},"40":{"start":{"line":113,"column":56},"end":{"line":113,"column":58}},"41":{"start":{"line":114,"column":24},"end":{"line":114,"column":26}},"42":{"start":{"line":116,"column":2},"end":{"line":155,"column":3}},"43":{"start":{"line":117,"column":36},"end":{"line":149,"column":6}},"44":{"start":{"line":120,"column":28},"end":{"line":124,"column":null}},"45":{"start":{"line":127,"column":8},"end":{"line":144,"column":9}},"46":{"start":{"line":128,"column":21},"end":{"line":128,"column":57}},"47":{"start":{"line":129,"column":10},"end":{"line":136,"column":13}},"48":{"start":{"line":137,"column":10},"end":{"line":137,"column":27}},"49":{"start":{"line":139,"column":10},"end":{"line":143,"column":11}},"50":{"start":{"line":140,"column":12},"end":{"line":140,"column":27}},"51":{"start":{"line":141,"column":17},"end":{"line":143,"column":11}},"52":{"start":{"line":142,"column":12},"end":{"line":142,"column":29}},"53":{"start":{"line":146,"column":8},"end":{"line":146,"column":32}},"54":{"start":{"line":147,"column":8},"end":{"line":147,"column":47}},"55":{"start":{"line":152,"column":5},"end":{"line":152,"column":69}},"56":{"start":{"line":154,"column":4},"end":{"line":154,"column":74}},"57":{"start":{"line":157,"column":18},"end":{"line":157,"column":80}},"58":{"start":{"line":160,"column":18},"end":{"line":161,"column":null}},"59":{"start":{"line":161,"column":4},"end":{"line":161,"column":66}},"60":{"start":{"line":163,"column":20},"end":{"line":163,"column":71}},"61":{"start":{"line":163,"column":45},"end":{"line":163,"column":50}},"62":{"start":{"line":164,"column":20},"end":{"line":164,"column":107}},"63":{"start":{"line":164,"column":55},"end":{"line":164,"column":85}},"64":{"start":{"line":165,"column":22},"end":{"line":165,"column":63}},"65":{"start":{"line":168,"column":22},"end":{"line":168,"column":48}},"66":{"start":{"line":169,"column":22},"end":{"line":169,"column":89}},"67":{"start":{"line":171,"column":2},"end":{"line":181,"column":4}},"68":{"start":{"line":191,"column":40},"end":{"line":198,"column":4}},"69":{"start":{"line":200,"column":2},"end":{"line":200,"column":83}},"70":{"start":{"line":201,"column":2},"end":{"line":201,"column":55}},"71":{"start":{"line":202,"column":2},"end":{"line":202,"column":38}},"72":{"start":{"line":204,"column":37},"end":{"line":204,"column":39}},"73":{"start":{"line":206,"column":2},"end":{"line":223,"column":3}},"74":{"start":{"line":206,"column":15},"end":{"line":206,"column":16}},"75":{"start":{"line":207,"column":21},"end":{"line":207,"column":33}},"76":{"start":{"line":208,"column":4},"end":{"line":208,"column":141}},"77":{"start":{"line":210,"column":4},"end":{"line":222,"column":5}},"78":{"start":{"line":211,"column":21},"end":{"line":211,"column":84}},"79":{"start":{"line":212,"column":6},"end":{"line":212,"column":27}},"80":{"start":{"line":214,"column":6},"end":{"line":214,"column":69}},"81":{"start":{"line":215,"column":6},"end":{"line":215,"column":57}},"82":{"start":{"line":216,"column":6},"end":{"line":216,"column":67}},"83":{"start":{"line":217,"column":6},"end":{"line":217,"column":69}},"84":{"start":{"line":218,"column":6},"end":{"line":218,"column":68}},"85":{"start":{"line":221,"column":6},"end":{"line":221,"column":63}},"86":{"start":{"line":225,"column":2},"end":{"line":225,"column":17}},"87":{"start":{"line":229,"column":0},"end":{"line":263,"column":1}},"88":{"start":{"line":230,"column":15},"end":{"line":230,"column":36}},"89":{"start":{"line":231,"column":17},"end":{"line":231,"column":38}},"90":{"start":{"line":232,"column":16},"end":{"line":232,"column":37}},"91":{"start":{"line":233,"column":14},"end":{"line":233,"column":35}},"92":{"start":{"line":235,"column":2},"end":{"line":262,"column":26}},"93":{"start":{"line":236,"column":4},"end":{"line":236,"column":39}},"94":{"start":{"line":237,"column":4},"end":{"line":237,"column":48}},"95":{"start":{"line":238,"column":4},"end":{"line":238,"column":32}},"96":{"start":{"line":241,"column":26},"end":{"line":241,"column":79}},"97":{"start":{"line":241,"column":49},"end":{"line":241,"column":78}},"98":{"start":{"line":243,"column":4},"end":{"line":243,"column":73}},"99":{"start":{"line":244,"column":4},"end":{"line":251,"column":7}},"100":{"start":{"line":245,"column":18},"end":{"line":245,"column":60}},"101":{"start":{"line":246,"column":6},"end":{"line":250,"column":40}},"102":{"start":{"line":254,"column":15},"end":{"line":254,"column":28}},"103":{"start":{"line":255,"column":17},"end":{"line":255,"column":32}},"104":{"start":{"line":256,"column":19},"end":{"line":256,"column":63}},"105":{"start":{"line":257,"column":4},"end":{"line":257,"column":74}},"106":{"start":{"line":257,"column":32},"end":{"line":257,"column":74}},"107":{"start":{"line":258,"column":20},"end":{"line":258,"column":77}},"108":{"start":{"line":259,"column":4},"end":{"line":259,"column":64}},"109":{"start":{"line":260,"column":4},"end":{"line":260,"column":62}}},"fnMap":{"0":{"name":"simulateTradeWithLeverage","decl":{"start":{"line":34,"column":9},"end":{"line":34,"column":34}},"loc":{"start":{"line":39,"column":26},"end":{"line":89,"column":1}}},"1":{"name":"runLeverageBacktest","decl":{"start":{"line":91,"column":15},"end":{"line":91,"column":34}},"loc":{"start":{"line":97,"column":25},"end":{"line":182,"column":1}}},"2":{"name":"(anonymous_2)","decl":{"start":{"line":119,"column":16},"end":{"line":119,"column":21}},"loc":{"start":{"line":119,"column":31},"end":{"line":148,"column":7}}},"3":{"name":"(anonymous_3)","decl":{"start":{"line":160,"column":43},"end":{"line":160,"column":44}},"loc":{"start":{"line":161,"column":4},"end":{"line":161,"column":66}}},"4":{"name":"(anonymous_4)","decl":{"start":{"line":163,"column":35},"end":{"line":163,"column":36}},"loc":{"start":{"line":163,"column":45},"end":{"line":163,"column":50}}},"5":{"name":"(anonymous_5)","decl":{"start":{"line":164,"column":45},"end":{"line":164,"column":46}},"loc":{"start":{"line":164,"column":55},"end":{"line":164,"column":85}}},"6":{"name":"analyzeLeverageScenarios","decl":{"start":{"line":184,"column":22},"end":{"line":184,"column":46}},"loc":{"start":{"line":187,"column":30},"end":{"line":226,"column":1}}},"7":{"name":"(anonymous_7)","decl":{"start":{"line":235,"column":52},"end":{"line":235,"column":53}},"loc":{"start":{"line":235,"column":64},"end":{"line":262,"column":3}}},"8":{"name":"(anonymous_8)","decl":{"start":{"line":241,"column":39},"end":{"line":241,"column":40}},"loc":{"start":{"line":241,"column":49},"end":{"line":241,"column":78}}},"9":{"name":"(anonymous_9)","decl":{"start":{"line":244,"column":26},"end":{"line":244,"column":27}},"loc":{"start":{"line":244,"column":44},"end":{"line":251,"column":5}}}},"branchMap":{"0":{"loc":{"start":{"line":39,"column":2},"end":{"line":39,"column":26}},"type":"default-arg","locations":[{"start":{"line":39,"column":23},"end":{"line":39,"column":26}}]},"1":{"loc":{"start":{"line":41,"column":2},"end":{"line":51,"column":3}},"type":"if","locations":[{"start":{"line":41,"column":2},"end":{"line":51,"column":3}},{"start":{},"end":{}}]},"2":{"loc":{"start":{"line":41,"column":6},"end":{"line":41,"column":50}},"type":"binary-expr","locations":[{"start":{"line":41,"column":6},"end":{"line":41,"column":25}},{"start":{"line":41,"column":29},"end":{"line":41,"column":50}}]},"3":{"loc":{"start":{"line":43,"column":4},"end":{"line":47,"column":5}},"type":"if","locations":[{"start":{"line":43,"column":4},"end":{"line":47,"column":5}},{"start":{},"end":{}}]},"4":{"loc":{"start":{"line":53,"column":2},"end":{"line":62,"column":3}},"type":"if","locations":[{"start":{"line":53,"column":2},"end":{"line":62,"column":3}},{"start":{},"end":{}}]},"5":{"loc":{"start":{"line":53,"column":6},"end":{"line":53,"column":52}},"type":"binary-expr","locations":[{"start":{"line":53,"column":6},"end":{"line":53,"column":26}},{"start":{"line":53,"column":30},"end":{"line":53,"column":52}}]},"6":{"loc":{"start":{"line":54,"column":4},"end":{"line":58,"column":5}},"type":"if","locations":[{"start":{"line":54,"column":4},"end":{"line":58,"column":5}},{"start":{},"end":{}}]},"7":{"loc":{"start":{"line":64,"column":2},"end":{"line":86,"column":3}},"type":"if","locations":[{"start":{"line":64,"column":2},"end":{"line":86,"column":3}},{"start":{},"end":{}}]},"8":{"loc":{"start":{"line":64,"column":6},"end":{"line":64,"column":50}},"type":"binary-expr","locations":[{"start":{"line":64,"column":6},"end":{"line":64,"column":25}},{"start":{"line":64,"column":29},"end":{"line":64,"column":50}}]},"9":{"loc":{"start":{"line":66,"column":4},"end":{"line":70,"column":5}},"type":"if","locations":[{"start":{"line":66,"column":4},"end":{"line":70,"column":5}},{"start":{"line":68,"column":11},"end":{"line":70,"column":5}}]},"10":{"loc":{"start":{"line":68,"column":11},"end":{"line":70,"column":5}},"type":"if","locations":[{"start":{"line":68,"column":11},"end":{"line":70,"column":5}},{"start":{},"end":{}}]},"11":{"loc":{"start":{"line":77,"column":4},"end":{"line":79,"column":5}},"type":"if","locations":[{"start":{"line":77,"column":4},"end":{"line":79,"column":5}},{"start":{},"end":{}}]},"12":{"loc":{"start":{"line":81,"column":4},"end":{"line":83,"column":5}},"type":"if","locations":[{"start":{"line":81,"column":4},"end":{"line":83,"column":5}},{"start":{},"end":{}}]},"13":{"loc":{"start":{"line":96,"column":2},"end":{"line":96,"column":24}},"type":"default-arg","locations":[{"start":{"line":96,"column":20},"end":{"line":96,"column":24}}]},"14":{"loc":{"start":{"line":97,"column":2},"end":{"line":97,"column":25}},"type":"default-arg","locations":[{"start":{"line":97,"column":21},"end":{"line":97,"column":25}}]},"15":{"loc":{"start":{"line":123,"column":10},"end":{"line":123,"column":46}},"type":"binary-expr","locations":[{"start":{"line":123,"column":10},"end":{"line":123,"column":24}},{"start":{"line":123,"column":28},"end":{"line":123,"column":41}},{"start":{"line":123,"column":45},"end":{"line":123,"column":46}}]},"16":{"loc":{"start":{"line":127,"column":8},"end":{"line":144,"column":9}},"type":"if","locations":[{"start":{"line":127,"column":8},"end":{"line":144,"column":9}},{"start":{},"end":{}}]},"17":{"loc":{"start":{"line":128,"column":21},"end":{"line":128,"column":57}},"type":"binary-expr","locations":[{"start":{"line":128,"column":21},"end":{"line":128,"column":35}},{"start":{"line":128,"column":39},"end":{"line":128,"column":52}},{"start":{"line":128,"column":56},"end":{"line":128,"column":57}}]},"18":{"loc":{"start":{"line":133,"column":17},"end":{"line":133,"column":37}},"type":"binary-expr","locations":[{"start":{"line":133,"column":17},"end":{"line":133,"column":32}},{"start":{"line":133,"column":36},"end":{"line":133,"column":37}}]},"19":{"loc":{"start":{"line":139,"column":10},"end":{"line":143,"column":11}},"type":"if","locations":[{"start":{"line":139,"column":10},"end":{"line":143,"column":11}},{"start":{"line":141,"column":17},"end":{"line":143,"column":11}}]},"20":{"loc":{"start":{"line":139,"column":14},"end":{"line":139,"column":52}},"type":"binary-expr","locations":[{"start":{"line":139,"column":14},"end":{"line":139,"column":29}},{"start":{"line":139,"column":33},"end":{"line":139,"column":52}}]},"21":{"loc":{"start":{"line":141,"column":17},"end":{"line":143,"column":11}},"type":"if","locations":[{"start":{"line":141,"column":17},"end":{"line":143,"column":11}},{"start":{},"end":{}}]},"22":{"loc":{"start":{"line":141,"column":21},"end":{"line":141,"column":59}},"type":"binary-expr","locations":[{"start":{"line":141,"column":21},"end":{"line":141,"column":36}},{"start":{"line":141,"column":40},"end":{"line":141,"column":59}}]},"23":{"loc":{"start":{"line":157,"column":18},"end":{"line":157,"column":80}},"type":"cond-expr","locations":[{"start":{"line":157,"column":39},"end":{"line":157,"column":76}},{"start":{"line":157,"column":79},"end":{"line":157,"column":80}}]},"24":{"loc":{"start":{"line":165,"column":22},"end":{"line":165,"column":63}},"type":"cond-expr","locations":[{"start":{"line":165,"column":38},"end":{"line":165,"column":59}},{"start":{"line":165,"column":62},"end":{"line":165,"column":63}}]},"25":{"loc":{"start":{"line":169,"column":22},"end":{"line":169,"column":89}},"type":"cond-expr","locations":[{"start":{"line":169,"column":46},"end":{"line":169,"column":85}},{"start":{"line":169,"column":88},"end":{"line":169,"column":89}}]},"26":{"loc":{"start":{"line":185,"column":2},"end":{"line":185,"column":29}},"type":"default-arg","locations":[{"start":{"line":185,"column":19},"end":{"line":185,"column":29}}]},"27":{"loc":{"start":{"line":186,"column":2},"end":{"line":186,"column":32}},"type":"default-arg","locations":[{"start":{"line":186,"column":22},"end":{"line":186,"column":32}}]},"28":{"loc":{"start":{"line":187,"column":2},"end":{"line":187,"column":30}},"type":"default-arg","locations":[{"start":{"line":187,"column":20},"end":{"line":187,"column":30}}]},"29":{"loc":{"start":{"line":229,"column":0},"end":{"line":263,"column":1}},"type":"if","locations":[{"start":{"line":229,"column":0},"end":{"line":263,"column":1}},{"start":{},"end":{}}]},"30":{"loc":{"start":{"line":231,"column":17},"end":{"line":231,"column":38}},"type":"binary-expr","locations":[{"start":{"line":231,"column":17},"end":{"line":231,"column":24}},{"start":{"line":231,"column":28},"end":{"line":231,"column":38}}]},"31":{"loc":{"start":{"line":232,"column":16},"end":{"line":232,"column":37}},"type":"binary-expr","locations":[{"start":{"line":232,"column":16},"end":{"line":232,"column":23}},{"start":{"line":232,"column":27},"end":{"line":232,"column":37}}]},"32":{"loc":{"start":{"line":233,"column":14},"end":{"line":233,"column":35}},"type":"binary-expr","locations":[{"start":{"line":233,"column":14},"end":{"line":233,"column":21}},{"start":{"line":233,"column":25},"end":{"line":233,"column":35}}]},"33":{"loc":{"start":{"line":257,"column":4},"end":{"line":257,"column":74}},"type":"if","locations":[{"start":{"line":257,"column":4},"end":{"line":257,"column":74}},{"start":{},"end":{}}]}},"s":{"0":0,"1":0,"2":0,"3":0,"4":0,"5":0,"6":0,"7":0,"8":0,"9":0,"10":0,"11":0,"12":0,"13":0,"14":0,"15":0,"16":0,"17":0,"18":0,"19":0,"20":0,"21":0,"22":0,"23":0,"24":0,"25":0,"26":0,"27":0,"28":0,"29":0,"30":0,"31":0,"32":0,"33":0,"34":0,"35":0,"36":0,"37":0,"38":0,"39":0,"40":0,"41":0,"42":0,"43":0,"44":0,"45":0,"46":0,"47":0,"48":0,"49":0,"50":0,"51":0,"52":0,"53":0,"54":0,"55":0,"56":0,"57":0,"58":0,"59":0,"60":0,"61":0,"62":0,"63":0,"64":0,"65":0,"66":0,"67":0,"68":0,"69":0,"70":0,"71":0,"72":0,"73":0,"74":0,"75":0,"76":0,"77":0,"78":0,"79":0,"80":0,"81":0,"82":0,"83":0,"84":0,"85":0,"86":0,"87":0,"88":0,"89":0,"90":0,"91":0,"92":0,"93":0,"94":0,"95":0,"96":0,"97":0,"98":0,"99":0,"100":0,"101":0,"102":0,"103":0,"104":0,"105":0,"106":0,"107":0,"108":0,"109":0},"f":{"0":0,"1":0,"2":0,"3":0,"4":0,"5":0,"6":0,"7":0,"8":0,"9":0},"b":{"0":[0],"1":[0,0],"2":[0,0],"3":[0,0],"4":[0,0],"5":[0,0],"6":[0,0],"7":[0,0],"8":[0,0],"9":[0,0],"10":[0,0],"11":[0,0],"12":[0,0],"13":[0],"14":[0],"15":[0,0,0],"16":[0,0],"17":[0,0,0],"18":[0,0],"19":[0,0],"20":[0,0],"21":[0,0],"22":[0,0],"23":[0,0],"24":[0,0],"25":[0,0],"26":[0],"27":[0],"28":[0],"29":[0,0],"30":[0,0],"31":[0,0],"32":[0,0],"33":[0,0]}}
,"/mnt/persist/workspace/src/logger.ts": {"path":"/mnt/persist/workspace/src/logger.ts","statementMap":{"0":{"start":{"line":25,"column":0},"end":{"line":25,"column":16}},"1":{"start":{"line":1,"column":0},"end":{"line":1,"column":20}},"2":{"start":{"line":2,"column":0},"end":{"line":2,"column":24}},"3":{"start":{"line":10,"column":15},"end":{"line":10,"column":25}},"4":{"start":{"line":11,"column":0},"end":{"line":11,"column":42}},"5":{"start":{"line":13,"column":16},"end":{"line":13,"column":86}},"6":{"start":{"line":14,"column":15},"end":{"line":14,"column":60}},"7":{"start":{"line":16,"column":13},"end":{"line":23,"column":2}},"8":{"start":{"line":18,"column":4},"end":{"line":18,"column":26}},"9":{"start":{"line":21,"column":4},"end":{"line":21,"column":27}},"10":{"start":{"line":26,"column":2},"end":{"line":26,"column":23}},"11":{"start":{"line":30,"column":26},"end":{"line":30,"column":56}},"12":{"start":{"line":31,"column":2},"end":{"line":31,"column":45}}},"fnMap":{"0":{"name":"(anonymous_1)","decl":{"start":{"line":17,"column":2},"end":{"line":17,"column":6}},"loc":{"start":{"line":17,"column":15},"end":{"line":19,"column":3}}},"1":{"name":"(anonymous_2)","decl":{"start":{"line":20,"column":2},"end":{"line":20,"column":7}},"loc":{"start":{"line":20,"column":16},"end":{"line":22,"column":3}}},"2":{"name":"logEvent","decl":{"start":{"line":25,"column":16},"end":{"line":25,"column":24}},"loc":{"start":{"line":25,"column":48},"end":{"line":27,"column":1}}},"3":{"name":"writeLog","decl":{"start":{"line":29,"column":9},"end":{"line":29,"column":17}},"loc":{"start":{"line":29,"column":41},"end":{"line":32,"column":1}}}},"branchMap":{},"s":{"0":0,"1":0,"2":0,"3":0,"4":0,"5":0,"6":0,"7":0,"8":0,"9":0,"10":0,"11":0,"12":0},"f":{"0":0,"1":0,"2":0,"3":0},"b":{}}
[...]
umn":37}}]},"2":{"loc":{"start":{"line":43,"column":26},"end":{"line":43,"column":40}},"type":"default-arg","locations":[{"start":{"line":43,"column":37},"end":{"line":43,"column":40}}]},"3":{"loc":{"start":{"line":44,"column":7},"end":{"line":53,"column":4}},"type":"binary-expr","locations":[{"start":{"line":44,"column":7},"end":{"line":44,"column":40}},{"start":{"line":44,"column":44},"end":{"line":53,"column":4}}]},"4":{"loc":{"start":{"line":56,"column":2},"end":{"line":59,"column":3}},"type":"if","locations":[{"start":{"line":56,"column":2},"end":{"line":59,"column":3}},{"start":{},"end":{}}]},"5":{"loc":{"start":{"line":60,"column":2},"end":{"line":63,"column":3}},"type":"if","locations":[{"start":{"line":60,"column":2},"end":{"line":63,"column":3}},{"start":{},"end":{}}]},"6":{"loc":{"start":{"line":66,"column":2},"end":{"line":69,"column":3}},"type":"if","locations":[{"start":{"line":66,"column":2},"end":{"line":69,"column":3}},{"start":{},"end":{}}]},"7":{"loc":{"start":{"line":72,"column":2},"end":{"line":75,"column":3}},"type":"if","locations":[{"start":{"line":72,"column":2},"end":{"line":75,"column":3}},{"start":{},"end":{}}]},"8":{"loc":{"start":{"line":78,"column":2},"end":{"line":81,"column":3}},"type":"if","locations":[{"start":{"line":78,"column":2},"end":{"line":81,"column":3}},{"start":{},"end":{}}]},"9":{"loc":{"start":{"line":84,"column":2},"end":{"line":145,"column":3}},"type":"if","locations":[{"start":{"line":84,"column":2},"end":{"line":145,"column":3}},{"start":{"line":141,"column":9},"end":{"line":145,"column":3}}]},"10":{"loc":{"start":{"line":86,"column":4},"end":{"line":92,"column":5}},"type":"if","locations":[{"start":{"line":86,"column":4},"end":{"line":92,"column":5}},{"start":{"line":89,"column":11},"end":{"line":92,"column":5}}]},"11":{"loc":{"start":{"line":89,"column":11},"end":{"line":92,"column":5}},"type":"if","locations":[{"start":{"line":89,"column":11},"end":{"line":92,"column":5}},{"start":{},"end":{}}]},"12":{"loc":{"start":{"line":95,"column":4},"end":{"line":103,"column":5}},"type":"if","locations":[{"start":{"line":95,"column":4},"end":{"line":103,"column":5}},{"start":{},"end":{}}]},"13":{"loc":{"start":{"line":96,"column":6},"end":{"line":102,"column":7}},"type":"if","locations":[{"start":{"line":96,"column":6},"end":{"line":102,"column":7}},{"start":{"line":99,"column":13},"end":{"line":102,"column":7}}]},"14":{"loc":{"start":{"line":111,"column":4},"end":{"line":114,"column":5}},"type":"if","locations":[{"start":{"line":111,"column":4},"end":{"line":114,"column":5}},{"start":{},"end":{}}]},"15":{"loc":{"start":{"line":117,"column":4},"end":{"line":120,"column":5}},"type":"if","locations":[{"start":{"line":117,"column":4},"end":{"line":120,"column":5}},{"start":{},"end":{}}]},"16":{"loc":{"start":{"line":123,"column":4},"end":{"line":128,"column":5}},"type":"if","locations":[{"start":{"line":123,"column":4},"end":{"line":128,"column":5}},{"start":{},"end":{}}]},"17":{"loc":{"start":{"line":131,"column":4},"end":{"line":136,"column":5}},"type":"if","locations":[{"start":{"line":131,"column":4},"end":{"line":136,"column":5}},{"start":{},"end":{}}]},"18":{"loc":{"start":{"line":131,"column":8},"end":{"line":131,"column":64}},"type":"binary-expr","locations":[{"start":{"line":131,"column":8},"end":{"line":131,"column":34}},{"start":{"line":131,"column":38},"end":{"line":131,"column":64}}]},"19":{"loc":{"start":{"line":156,"column":2},"end":{"line":158,"column":3}},"type":"if","locations":[{"start":{"line":156,"column":2},"end":{"line":158,"column":3}},{"start":{},"end":{}}]},"20":{"loc":{"start":{"line":161,"column":4},"end":{"line":161,"column":24}},"type":"default-arg","locations":[{"start":{"line":161,"column":20},"end":{"line":161,"column":24}}]},"21":{"loc":{"start":{"line":162,"column":4},"end":{"line":162,"column":22}},"type":"default-arg","locations":[{"start":{"line":162,"column":18},"end":{"line":162,"column":22}}]},"22":{"loc":{"start":{"line":163,"column":4},"end":{"line":163,"column":27}},"type":"default-arg","locations":[{"start":{"line":163,"column":22},"end":{"line":163,"column":27}}]},"23":{"loc":{"start":{"line":164,"column":7},"end":{"line":164,"column":46}},"type":"binary-expr","locations":[{"start":{"line":164,"column":7},"end":{"line":164,"column":40}},{"start":{"line":164,"column":44},"end":{"line":164,"column":46}}]},"24":{"loc":{"start":{"line":168,"column":4},"end":{"line":170,"column":48}},"type":"cond-expr","locations":[{"start":{"line":169,"column":8},"end":{"line":169,"column":48}},{"start":{"line":170,"column":8},"end":{"line":170,"column":48}}]},"25":{"loc":{"start":{"line":173,"column":2},"end":{"line":183,"column":3}},"type":"if","locations":[{"start":{"line":173,"column":2},"end":{"line":183,"column":3}},{"start":{},"end":{}}]},"26":{"loc":{"start":{"line":186,"column":2},"end":{"line":196,"column":3}},"type":"if","locations":[{"start":{"line":186,"column":2},"end":{"line":196,"column":3}},{"start":{},"end":{}}]},"27":{"loc":{"start":{"line":199,"column":20},"end":{"line":199,"column":56}},"type":"binary-expr","locations":[{"start":{"line":199,"column":20},"end":{"line":199,"column":42}},{"start":{"line":199,"column":46},"end":{"line":199,"column":56}}]},"28":{"loc":{"start":{"line":200,"column":19},"end":{"line":200,"column":54}},"type":"binary-expr","locations":[{"start":{"line":200,"column":19},"end":{"line":200,"column":40}},{"start":{"line":200,"column":44},"end":{"line":200,"column":54}}]},"29":{"loc":{"start":{"line":202,"column":2},"end":{"line":232,"column":3}},"type":"if","locations":[{"start":{"line":202,"column":2},"end":{"line":232,"column":3}},{"start":{"line":217,"column":9},"end":{"line":232,"column":3}}]},"30":{"loc":{"start":{"line":206,"column":4},"end":{"line":216,"column":5}},"type":"if","locations":[{"start":{"line":206,"column":4},"end":{"line":216,"column":5}},{"start":{},"end":{}}]},"31":{"loc":{"start":{"line":206,"column":8},"end":{"line":206,"column":89}},"type":"binary-expr","locations":[{"start":{"line":206,"column":8},"end":{"line":206,"column":41}},{"start":{"line":206,"column":45},"end":{"line":206,"column":89}}]},"32":{"loc":{"start":{"line":217,"column":9},"end":{"line":232,"column":3}},"type":"if","locations":[{"start":{"line":217,"column":9},"end":{"line":232,"column":3}},{"start":{},"end":{}}]},"33":{"loc":{"start":{"line":221,"column":4},"end":{"line":231,"column":5}},"type":"if","locations":[{"start":{"line":221,"column":4},"end":{"line":231,"column":5}},{"start":{},"end":{}}]},"34":{"loc":{"start":{"line":221,"column":8},"end":{"line":221,"column":88}},"type":"binary-expr","locations":[{"start":{"line":221,"column":8},"end":{"line":221,"column":41}},{"start":{"line":221,"column":45},"end":{"line":221,"column":88}}]}},"s":{"0":0,"1":0,"2":0,"3":0,"4":0,"5":0,"6":0,"7":0,"8":0,"9":0,"10":0,"11":0,"12":0,"13":0,"14":0,"15":0,"16":0,"17":0,"18":0,"19":0,"20":0,"21":0,"22":0,"23":0,"24":0,"25":0,"26":0,"27":0,"28":0,"29":0,"30":0,"31":0,"32":0,"33":0,"34":0,"35":0,"36":0,"37":0,"38":0,"39":0,"40":0,"41":0,"42":0,"43":0,"44":0,"45":0,"46":0,"47":0,"48":0,"49":0,"50":0,"51":0,"52":0,"53":0,"54":0,"55":0,"56":0,"57":0,"58":0,"59":0,"60":0,"61":0,"62":0,"63":0,"64":0,"65":0,"66":0,"67":0,"68":0,"69":0,"70":0,"71":0,"72":0,"73":0,"74":0,"75":0},"f":{"0":0,"1":0},"b":{"0":[0],"1":[0],"2":[0],"3":[0,0],"4":[0,0],"5":[0,0],"6":[0,0],"7":[0,0],"8":[0,0],"9":[0,0],"10":[0,0],"11":[0,0],"12":[0,0],"13":[0,0],"14":[0,0],"15":[0,0],"16":[0,0],"17":[0,0],"18":[0,0],"19":[0,0],"20":[0],"21":[0],"22":[0],"23":[0,0],"24":[0,0],"25":[0,0],"26":[0,0],"27":[0,0],"28":[0,0],"29":[0,0],"30":[0,0],"31":[0,0],"32":[0,0],"33":[0,0],"34":[0,0]}}
,"/mnt/persist/workspace/src/strategy/fundingFade.ts": {"path":"/mnt/persist/workspace/src/strategy/fundingFade.ts","statementMap":{"0":{"start":{"line":15,"column":0},"end":{"line":15,"column":16}},"1":{"start":{"line":16,"column":28},"end":{"line":16,"column":30}},"2":{"start":{"line":17,"column":16},"end":{"line":17,"column":21}},"3":{"start":{"line":18,"column":40},"end":{"line":18,"column":46}},"4":{"start":{"line":26,"column":7},"end":{"line":31,"column":4}},"5":{"start":{"line":34,"column":2},"end":{"line":46,"column":3}},"6":{"start":{"line":35,"column":4},"end":{"line":35,"column":19}},"7":{"start":{"line":36,"column":4},"end":{"line":36,"column":19}},"8":{"start":{"line":37,"column":4},"end":{"line":37,"column":68}},"9":{"start":{"line":38,"column":4},"end":{"line":38,"column":67}},"10":{"start":{"line":39,"column":9},"end":{"line":46,"column":3}},"11":{"start":{"line":40,"column":4},"end":{"line":40,"column":18}},"12":{"start":{"line":41,"column":4},"end":{"line":41,"column":19}},"13":{"start":{"line":42,"column":4},"end":{"line":42,"column":69}},"14":{"start":{"line":43,"column":4},"end":{"line":43,"column":68}},"15":{"start":{"line":45,"column":4},"end":{"line":45,"column":59}},"16":{"start":{"line":49,"column":2},"end":{"line":52,"column":3}},"17":{"start":{"line":50,"column":4},"end":{"line":50,"column":20}},"18":{"start":{"line":51,"column":4},"end":{"line":51,"column":64}},"19":{"start":{"line":53,"column":2},"end":{"line":56,"column":3}},"20":{"start":{"line":54,"column":4},"end":{"line":54,"column":20}},"21":{"start":{"line":55,"column":4},"end":{"line":55,"column":61}},"22":{"start":{"line":58,"column":2},"end":{"line":58,"column":61}}},"fnMap":{"0":{"name":"fundingFadeDecision","decl":{"start":{"line":15,"column":16},"end":{"line":15,"column":35}},"loc":{"start":{"line":15,"column":54},"end":{"line":59,"column":1}}}},"branchMap":{"0":{"loc":{"start":{"line":26,"column":7},"end":{"line":31,"column":4}},"type":"binary-expr","locations":[{"start":{"line":26,"column":7},"end":{"line":26,"column":40}},{"start":{"line":26,"column":44},"end":{"line":31,"column":4}}]},"1":{"loc":{"start":{"line":34,"column":2},"end":{"line":46,"column":3}},"type":"if","locations":[{"start":{"line":34,"column":2},"end":{"line":46,"column":3}},{"start":{"line":39,"column":9},"end":{"line":46,"column":3}}]},"2":{"loc":{"start":{"line":34,"column":6},"end":{"line":34,"column":75}},"type":"binary-expr","locations":[{"start":{"line":34,"column":6},"end":{"line":34,"column":39}},{"start":{"line":34,"column":43},"end":{"line":34,"column":75}}]},"3":{"loc":{"start":{"line":39,"column":9},"end":{"line":46,"column":3}},"type":"if","locations":[{"start":{"line":39,"column":9},"end":{"line":46,"column":3}},{"start":{"line":44,"column":9},"end":{"line":46,"column":3}}]},"4":{"loc":{"start":{"line":39,"column":13},"end":{"line":39,"column":84}},"type":"binary-expr","locations":[{"start":{"line":39,"column":13},"end":{"line":39,"column":47}},{"start":{"line":39,"column":51},"end":{"line":39,"column":84}}]},"5":{"loc":{"start":{"line":49,"column":2},"end":{"line":52,"column":3}},"type":"if","locations":[{"start":{"line":49,"column":2},"end":{"line":52,"column":3}},{"start":{},"end":{}}]},"6":{"loc":{"start":{"line":53,"column":2},"end":{"line":56,"column":3}},"type":"if","locations":[{"start":{"line":53,"column":2},"end":{"line":56,"column":3}},{"start":{},"end":{}}]},"7":{"loc":{"start":{"line":58,"column":26},"end":{"line":58,"column":49}},"type":"cond-expr","locations":[{"start":{"line":58,"column":36},"end":{"line":58,"column":40}},{"start":{"line":58,"column":43},"end":{"line":58,"column":49}}]}},"s":{"0":0,"1":0,"2":0,"3":0,"4":0,"5":0,"6":0,"7":0,"8":0,"9":0,"10":0,"11":0,"12":0,"13":0,"14":0,"15":0,"16":0,"17":0,"18":0,"19":0,"20":0,"21":0,"22":0},"f":{"0":0},"b":{"0":[0,0],"1":[0,0],"2":[0,0],"3":[0,0],"4":[0,0],"5":[0,0],"6":[0,0],"7":[0,0]}}
,"/mnt/persist/workspace/src/utils/logger.ts": {"path":"/mnt/persist/workspace/src/utils/logger.ts","statementMap":{"0":{"start":{"line":6,"column":0},"end":{"line":6,"column":null}},"1":{"start":{"line":7,"column":2},"end":{"line":7,"column":null}},"2":{"start":{"line":8,"column":2},"end":{"line":8,"column":null}},"3":{"start":{"line":9,"column":2},"end":{"line":9,"column":null}},"4":{"start":{"line":10,"column":2},"end":{"line":10,"column":null}},"5":{"start":{"line":23,"column":31},"end":{"line":23,"column":44}},"6":{"start":{"line":24,"column":29},"end":{"line":24,"column":31}},"7":{"start":{"line":25,"column":28},"end":{"line":25,"column":32}},"8":{"start":{"line":30,"column":4},"end":{"line":32,"column":5}},"9":{"start":{"line":31,"column":6},"end":{"line":31,"column":37}},"10":{"start":{"line":33,"column":4},"end":{"line":33,"column":27}},"11":{"start":{"line":37,"column":4},"end":{"line":37,"column":26}},"12":{"start":{"line":41,"column":4},"end":{"line":41,"column":55}},"13":{"start":{"line":45,"column":4},"end":{"line":45,"column":54}},"14":{"start":{"line":49,"column":4},"end":{"line":49,"column":54}},"15":{"start":{"line":53,"column":4},"end":{"line":53,"column":55}},"16":{"start":{"line":57,"column":4},"end":{"line":57,"column":38}},"17":{"start":{"line":57,"column":31},"end":{"line":57,"column":38}},"18":{"start":{"line":59,"column":28},"end":{"line":65,"column":6}},"19":{"start":{"line":67,"column":4},"end":{"line":67,"column":26}},"20":{"start":{"line":70,"column":4},"end":{"line":72,"column":5}},"21":{"start":{"line":71,"column":6},"end":{"line":71,"column":49}},"22":{"start":{"line":75,"column":22},"end":{"line":75,"column":61}},"23":{"start":{"line":76,"column":21},"end":{"line":76,"column":36}},"24":{"start":{"line":77,"column":19},"end":{"line":77,"column":64}},"25":{"start":{"line":79,"column":4},"end":{"line":92,"column":5}},"26":{"start":{"line":81,"column":8},"end":{"line":81,"column":58}},"27":{"start":{"line":82,"column":8},"end":{"line":82,"column":14}},"28":{"start":{"line":84,"column":8},"end":{"line":84,"column":56}},"29":{"start":{"line":85,"column":8},"end":{"line":85,"column":14}},"30":{"start":{"line":87,"column":8},"end":{"line":87,"column":57}},"31":{"start":{"line":88,"column":8},"end":{"line":88,"column":14}},"32":{"start":{"line":90,"column":8},"end":{"line":90,"column":58}},"33":{"start":{"line":91,"column":8},"end":{"line":91,"column":14}},"34":{"start":{"line":96,"column":19},"end":{"line":96,"column":28}},"35":{"start":{"line":98,"column":4},"end":{"line":100,"column":5}},"36":{"start":{"line":99,"column":6},"end":{"line":99,"column":69}},"37":{"start":{"line":99,"column":40},"end":{"line":99,"column":67}},"38":{"start":{"line":102,"column":4},"end":{"line":104,"column":5}},"39":{"start":{"line":103,"column":6},"end":{"line":103,"column":60}},"40":{"start":{"line":103,"column":40},"end":{"line":103,"column":58}},"41":{"start":{"line":106,"column":4},"end":{"line":106,"column":20}},"42":{"start":{"line":110,"column":4},"end":{"line":110,"column":19}},"43":{"start":{"line":21,"column":0},"end":{"line":21,"column":13}},"44":{"start":{"line":115,"column":13},"end":{"line":115,"column":43}}},"fnMap":{"0":{"name":"(anonymous_0)","decl":{"start":{"line":6,"column":0},"end":{"line":6,"column":12}},"loc":{"start":{"line":6,"column":20},"end":{"line":11,"column":1}}},"1":{"name":"(anonymous_1)","decl":{"start":{"line":27,"column":2},"end":{"line":27,"column":25}},"loc":{"start":{"line":27,"column":2},"end":{"line":27,"column":26}}},"2":{"name":"(anonymous_2)","decl":{"start":{"line":29,"column":9},"end":{"line":29,"column":15}},"loc":{"start":{"line":29,"column":27},"end":{"line":34,"column":3}}},"3":{"name":"(anonymous_3)","decl":{"start":{"line":36,"column":9},"end":{"line":36,"column":20}},"loc":{"start":{"line":36,"column":36},"end":{"line":38,"column":3}}},"4":{"name":"(anonymous_4)","decl":{"start":{"line":40,"column":9},"end":{"line":40,"column":14}},"loc":{"start":{"line":40,"column":61},"end":{"line":42,"column":3}}},"5":{"name":"(anonymous_5)","decl":{"start":{"line":44,"column":9},"end":{"line":44,"column":13}},"loc":{"start":{"line":44,"column":60},"end":{"line":46,"column":3}}},"6":{"name":"(anonymous_6)","decl":{"start":{"line":48,"column":9},"end":{"line":48,"column":13}},"loc":{"start":{"line":48,"column":60},"end":{"line":50,"column":3}}},"7":{"name":"(anonymous_7)","decl":{"start":{"line":52,"column":9},"end":{"line":52,"column":14}},"loc":{"start":{"line":52,"column":61},"end":{"line":54,"column":3}}},"8":{"name":"(anonymous_8)","decl":{"start":{"line":56,"column":10},"end":{"line":56,"column":13}},"loc":{"start":{"line":56,"column":77},"end":{"line":93,"column":3}}},"9":{"name":"(anonymous_9)","decl":{"start":{"line":95,"column":9},"end":{"line":95,"column":16}},"loc":{"start":{"line":95,"column":53},"end":{"line":107,"column":3}}},"10":{"name":"(anonymous_10)","decl":{"start":{"line":99,"column":33},"end":{"line":99,"column":36}},"loc":{"start":{"line":99,"column":40},"end":{"line":99,"column":67}}},"11":{"name":"(anonymous_11)","decl":{"start":{"line":103,"column":33},"end":{"line":103,"column":36}},"loc":{"start":{"line":103,"column":40},"end":{"line":103,"column":58}}},"12":{"name":"(anonymous_12)","decl":{"start":{"line":109,"column":9},"end":{"line":109,"column":18}},"loc":{"start":{"line":109,"column":18},"end":{"line":111,"column":3}}}},"branchMap":{"0":{"loc":{"start":{"line":6,"column":12},"end":{"line":6,"column":null}},"type":"binary-expr","locations":[{"start":{"line":6,"column":12},"end":{"line":6,"column":20}},{"start":{"line":6,"column":20},"end":{"line":6,"column":null}}]},"1":{"loc":{"start":{"line":30,"column":4},"end":{"line":32,"column":5}},"type":"if","locations":[{"start":{"line":30,"column":4},"end":{"line":32,"column":5}},{"start":{},"end":{}}]},"2":{"loc":{"start":{"line":57,"column":4},"end":{"line":57,"column":38}},"type":"if","locations":[{"start":{"line":57,"column":4},"end":{"line":57,"column":38}},{"start":{},"end":{}}]},"3":{"loc":{"start":{"line":70,"column":4},"end":{"line":72,"column":5}},"type":"if","locations":[{"start":{"line":70,"column":4},"end":{"line":72,"column":5}},{"start":{},"end":{}}]},"4":{"loc":{"start":{"line":79,"column":4},"end":{"line":92,"column":5}},"type":"switch","locations":[{"start":{"line":80,"column":6},"end":{"line":82,"column":14}},{"start":{"line":83,"column":6},"end":{"line":85,"column":14}},{"start":{"line":86,"column":6},"end":{"line":88,"column":14}},{"start":{"line":89,"column":6},"end":{"line":91,"column":14}}]},"5":{"loc":{"start":{"line":81,"column":46},"end":{"line":81,"column":56}},"type":"binary-expr","locations":[{"start":{"line":81,"column":46},"end":{"line":81,"column":50}},{"start":{"line":81,"column":54},"end":{"line":81,"column":56}}]},"6":{"loc":{"start":{"line":84,"column":44},"end":{"line":84,"column":54}},"type":"binary-expr","locations":[{"start":{"line":84,"column":44},"end":{"line":84,"column":48}},{"start":{"line":84,"column":52},"end":{"line":84,"column":54}}]},"7":{"loc":{"start":{"line":87,"column":45},"end":{"line":87,"column":55}},"type":"binary-expr","locations":[{"start":{"line":87,"column":45},"end":{"line":87,"column":49}},{"start":{"line":87,"column":53},"end":{"line":87,"column":55}}]},"8":{"loc":{"start":{"line":90,"column":46},"end":{"line":90,"column":56}},"type":"binary-expr","locations":[{"start":{"line":90,"column":46},"end":{"line":90,"column":50}},{"start":{"line":90,"column":54},"end":{"line":90,"column":56}}]},"9":{"loc":{"start":{"line":98,"column":4},"end":{"line":100,"column":5}},"type":"if","locations":[{"start":{"line":98,"column":4},"end":{"line":100,"column":5}},{"start":{},"end":{}}]},"10":{"loc":{"start":{"line":102,"column":4},"end":{"line":104,"column":5}},"type":"if","locations":[{"start":{"line":102,"column":4},"end":{"line":104,"column":5}},{"start":{},"end":{}}]}},"s":{"0":0,"1":0,"2":0,"3":0,"4":0,"5":0,"6":0,"7":0,"8":0,"9":0,"10":0,"11":0,"12":0,"13":0,"14":0,"15":0,"16":0,"17":0,"18":0,"19":0,"20":0,"21":0,"22":0,"23":0,"24":0,"25":0,"26":0,"27":0,"28":0,"29":0,"30":0,"31":0,"32":0,"33":0,"34":0,"35":0,"36":0,"37":0,"38":0,"39":0,"40":0,"41":0,"42":0,"43":0,"44":0},"f":{"0":0,"1":0,"2":0,"3":0,"4":0,"5":0,"6":0,"7":0,"8":0,"9":0,"10":0,"11":0,"12":0},"b":{"0":[0,0],"1":[0,0],"2":[0,0],"3":[0,0],"4":[0,0,0,0],"5":[0,0],"6":[0,0],"7":[0,0],"8":[0,0],"9":[0,0],"10":[0,0]}}
}
