TN:
SF:src/aiGate.ts
FN:11,getModelName
FN:15,askOllama
FNF:2
FNH:0
FNDA:0,getModelName
FNDA:0,askOllama
DA:1,0
DA:2,0
DA:11,0
DA:12,0
DA:15,0
DA:16,0
DA:18,0
DA:21,0
DA:31,0
DA:32,0
DA:33,0
DA:35,0
DA:36,0
DA:46,0
DA:47,0
LF:15
LH:0
BRDA:31,0,0,0
BRDA:31,0,1,0
BRDA:33,1,0,0
BRDA:33,1,1,0
BRDA:38,2,0,0
BRDA:38,2,1,0
BRDA:38,3,0,0
BRDA:38,3,1,0
BRDA:41,4,0,0
BRDA:41,4,1,0
BRF:10
BRH:0
end_of_record
TN:
SF:src/backtest.ts
FN:21,simulateTrade
FN:125,runBacktest
FN:142,deriveRegimeLeverage
FN:160,(anonymous_3)
FN:232,(anonymous_4)
FN:233,(anonymous_5)
FN:236,(anonymous_6)
FNF:7
FNH:0
FNDA:0,simulateTrade
FNDA:0,runBacktest
FNDA:0,deriveRegimeLeverage
FNDA:0,(anonymous_3)
FNDA:0,(anonymous_4)
FNDA:0,(anonymous_5)
FNDA:0,(anonymous_6)
DA:1,0
DA:2,0
DA:3,0
DA:4,0
DA:5,0
DA:30,0
DA:32,0
DA:33,0
DA:34,0
DA:35,0
DA:36,0
DA:38,0
DA:41,0
DA:42,0
DA:44,0
DA:49,0
DA:50,0
DA:51,0
DA:52,0
DA:54,0
DA:55,0
DA:56,0
DA:57,0
DA:59,0
DA:62,0
DA:64,0
DA:65,0
DA:66,0
DA:67,0
DA:68,0
DA:70,0
DA:73,0
DA:74,0
DA:76,0
DA:81,0
DA:82,0
DA:83,0
DA:84,0
DA:86,0
DA:87,0
DA:88,0
DA:89,0
DA:91,0
DA:94,0
DA:95,0
DA:96,0
DA:97,0
DA:98,0
DA:99,0
DA:102,0
DA:103,0
DA:104,0
DA:106,0
DA:109,0
DA:110,0
DA:112,0
DA:115,0
DA:116,0
DA:117,0
DA:119,0
DA:122,0
DA:125,0
DA:132,0
DA:133,0
DA:136,0
DA:143,0
DA:144,0
DA:145,0
DA:146,0
DA:147,0
DA:148,0
DA:152,0
DA:153,0
DA:154,0
DA:155,0
DA:157,0
DA:158,0
DA:161,0
DA:162,0
DA:171,0
DA:172,0
DA:173,0
DA:181,0
DA:183,0
DA:184,0
DA:185,0
DA:190,0
DA:192,0
DA:193,0
DA:196,0
DA:198,0
DA:201,0
DA:202,0
DA:209,0
DA:210,0
DA:216,0
DA:217,0
DA:222,0
DA:225,0
DA:226,0
DA:227,0
DA:228,0
DA:229,0
DA:230,0
DA:232,0
DA:233,0
DA:236,0
DA:237,0
DA:238,0
DA:239,0
DA:240,0
DA:241,0
DA:242,0
DA:243,0
LF:114
LH:0
BRDA:30,0,0,0
BRDA:30,0,1,0
BRDA:30,1,0,0
BRDA:30,1,1,0
BRDA:32,2,0,0
BRDA:32,2,1,0
BRDA:41,3,0,0
BRDA:41,3,1,0
BRDA:62,4,0,0
BRDA:62,4,1,0
BRDA:62,5,0,0
BRDA:62,5,1,0
BRDA:64,6,0,0
BRDA:64,6,1,0
BRDA:73,7,0,0
BRDA:73,7,1,0
BRDA:94,8,0,0
BRDA:94,8,1,0
BRDA:94,9,0,0
BRDA:94,9,1,0
BRDA:96,10,0,0
BRDA:96,10,1,0
BRDA:98,11,0,0
BRDA:98,11,1,0
BRDA:109,12,0,0
BRDA:109,12,1,0
BRDA:130,13,0,0
BRDA:143,14,0,0
BRDA:143,14,1,0
BRDA:144,15,0,0
BRDA:144,15,1,0
BRDA:145,16,0,0
BRDA:145,16,1,0
BRDA:146,17,0,0
BRDA:146,17,1,0
BRDA:147,18,0,0
BRDA:147,18,1,0
BRDA:165,19,0,0
BRDA:165,19,1,0
BRDA:165,19,2,0
BRDA:171,20,0,0
BRDA:171,20,1,0
BRDA:172,21,0,0
BRDA:172,21,1,0
BRDA:172,21,2,0
BRDA:179,22,0,0
BRDA:179,22,1,0
BRDA:216,23,0,0
BRDA:216,23,1,0
BRDA:225,24,0,0
BRDA:225,24,1,0
BRDA:227,25,0,0
BRDA:227,25,1,0
BRDA:228,26,0,0
BRDA:228,26,1,0
BRDA:229,27,0,0
BRDA:229,27,1,0
BRDA:232,28,0,0
BRDA:232,28,1,0
BRDA:240,29,0,0
BRDA:240,29,1,0
BRF:61
BRH:0
end_of_record
TN:
SF:src/checkEquity.ts
FN:3,checkEquityDetails
FN:33,(anonymous_1)
FN:41,(anonymous_2)
FN:77,(anonymous_3)
FNF:4
FNH:0
FNDA:0,checkEquityDetails
FNDA:0,(anonymous_1)
FNDA:0,(anonymous_2)
FNDA:0,(anonymous_3)
DA:1,0
DA:4,0
DA:5,0
DA:7,0
DA:8,0
DA:9,0
DA:11,0
DA:12,0
DA:13,0
DA:16,0
DA:19,0
DA:20,0
DA:21,0
DA:22,0
DA:23,0
DA:25,0
DA:26,0
DA:27,0
DA:28,0
DA:29,0
DA:30,0
DA:32,0
DA:33,0
DA:34,0
DA:35,0
DA:36,0
DA:40,0
DA:41,0
DA:42,0
DA:43,0
DA:44,0
DA:45,0
DA:46,0
DA:48,0
DA:49,0
DA:50,0
DA:52,0
DA:57,0
DA:58,0
DA:59,0
DA:60,0
DA:61,0
DA:64,0
DA:65,0
DA:68,0
DA:69,0
DA:72,0
DA:76,0
DA:77,0
DA:78,0
DA:79,0
LF:51
LH:0
BRDA:11,0,0,0
BRDA:11,0,1,0
BRDA:34,1,0,0
BRDA:34,1,1,0
BRDA:36,2,0,0
BRDA:36,2,1,0
BRDA:42,3,0,0
BRDA:42,3,1,0
BRDA:45,4,0,0
BRDA:45,4,1,0
BRDA:76,5,0,0
BRDA:76,5,1,0
BRF:12
BRH:0
end_of_record
TN:
SF:src/config.ts
FNF:0
FNH:0
DA:1,0
DA:2,0
DA:4,0
DA:6,0
DA:21,0
DA:22,0
DA:23,0
DA:24,0
DA:27,0
DA:29,0
DA:44,0
LF:11
LH:0
BRDA:22,0,0,0
BRDA:22,0,1,0
BRF:2
BRH:0
end_of_record
TN:
SF:src/db.ts
FN:26,columnExists
FN:30,(anonymous_2)
FN:36,logTrade
FN:86,logPerformance
FN:100,ensureColumn
FN:109,initDB
FN:193,logSignal
FN:222,logOrder
FN:236,logPnl
FNF:9
FNH:0
FNDA:0,columnExists
FNDA:0,(anonymous_2)
FNDA:0,logTrade
FNDA:0,logPerformance
FNDA:0,ensureColumn
FNDA:0,initDB
FNDA:0,logSignal
FNDA:0,logOrder
FNDA:0,logPnl
DA:1,0
DA:2,0
DA:3,0
DA:6,0
DA:8,0
DA:9,0
DA:10,0
DA:12,0
DA:13,0
DA:14,0
DA:17,0
DA:18,0
DA:20,0
DA:21,0
DA:24,0
DA:27,0
DA:28,0
DA:29,0
DA:30,0
DA:32,0
DA:36,0
DA:37,0
DA:38,0
DA:39,0
DA:42,0
DA:44,0
DA:56,0
DA:66,0
DA:71,0
DA:72,0
DA:73,0
DA:74,0
DA:75,0
DA:76,0
DA:77,0
DA:78,0
DA:79,0
DA:81,0
DA:82,0
DA:86,0
DA:87,0
DA:88,0
DA:89,0
DA:91,0
DA:92,0
DA:96,0
DA:101,0
DA:102,0
DA:103,0
DA:109,0
DA:110,0
DA:111,0
DA:112,0
DA:115,0
DA:116,0
DA:117,0
DA:119,0
DA:132,0
DA:144,0
DA:145,0
DA:147,0
DA:150,0
DA:161,0
DA:162,0
DA:163,0
DA:164,0
DA:165,0
DA:167,0
DA:168,0
DA:169,0
DA:170,0
DA:171,0
DA:173,0
DA:174,0
DA:175,0
DA:176,0
DA:177,0
DA:178,0
DA:181,0
DA:182,0
DA:183,0
DA:184,0
DA:186,0
DA:189,0
DA:193,0
DA:201,0
DA:202,0
DA:203,0
DA:205,0
DA:206,0
DA:218,0
DA:222,0
DA:223,0
DA:224,0
DA:225,0
DA:227,0
DA:228,0
DA:232,0
DA:236,0
DA:237,0
DA:238,0
DA:239,0
DA:241,0
DA:242,0
DA:246,0
LF:105
LH:0
BRDA:10,0,0,0
BRDA:10,0,1,0
BRDA:10,1,0,0
BRDA:10,1,1,0
BRDA:10,2,0,0
BRDA:10,2,1,0
BRDA:13,3,0,0
BRDA:13,3,1,0
BRDA:27,4,0,0
BRDA:27,4,1,0
BRDA:37,5,0,0
BRDA:37,5,1,0
BRDA:87,6,0,0
BRDA:87,6,1,0
BRDA:101,7,0,0
BRDA:101,7,1,0
BRDA:101,8,0,0
BRDA:101,8,1,0
BRDA:110,9,0,0
BRDA:110,9,1,0
BRDA:201,10,0,0
BRDA:201,10,1,0
BRDA:202,11,0,0
BRDA:202,11,1,0
BRDA:213,12,0,0
BRDA:213,12,1,0
BRDA:218,13,0,0
BRDA:218,13,1,0
BRDA:223,14,0,0
BRDA:223,14,1,0
BRDA:237,15,0,0
BRDA:237,15,1,0
BRF:32
BRH:0
end_of_record
TN:
SF:src/drift.ts
FN:18,initDrift
FN:42,getPerpMidPrice
FN:48,getOraclePrice
FN:53,getEquityUsd
FN:80,(anonymous_5)
FN:87,(anonymous_6)
FN:106,getOpenPosition
FN:115,(anonymous_8)
FN:150,placePerpIocByNotional
FN:182,closeAllPositions
FNF:10
FNH:0
FNDA:0,initDrift
FNDA:0,getPerpMidPrice
FNDA:0,getOraclePrice
FNDA:0,getEquityUsd
FNDA:0,(anonymous_5)
FNDA:0,(anonymous_6)
FNDA:0,getOpenPosition
FNDA:0,(anonymous_8)
FNDA:0,placePerpIocByNotional
FNDA:0,closeAllPositions
DA:1,0
DA:9,0
DA:10,0
DA:11,0
DA:12,0
DA:15,0
DA:16,0
DA:18,0
DA:19,0
DA:21,0
DA:22,0
DA:24,0
DA:30,0
DA:32,0
DA:33,0
DA:34,0
DA:37,0
DA:39,0
DA:42,0
DA:43,0
DA:44,0
DA:45,0
DA:48,0
DA:49,0
DA:50,0
DA:53,0
DA:54,0
DA:57,0
DA:58,0
DA:61,0
DA:62,0
DA:63,0
DA:66,0
DA:67,0
DA:68,0
DA:69,0
DA:71,0
DA:72,0
DA:73,0
DA:74,0
DA:75,0
DA:76,0
DA:77,0
DA:80,0
DA:81,0
DA:82,0
DA:87,0
DA:88,0
DA:89,0
DA:94,0
DA:97,0
DA:99,0
DA:101,0
DA:102,0
DA:106,0
DA:107,0
DA:108,0
DA:109,0
DA:111,0
DA:112,0
DA:114,0
DA:115,0
DA:117,0
DA:118,0
DA:121,0
DA:122,0
DA:123,0
DA:127,0
DA:128,0
DA:129,0
DA:134,0
DA:136,0
DA:137,0
DA:150,0
DA:158,0
DA:159,0
DA:161,0
DA:164,0
DA:165,0
DA:166,0
DA:168,0
DA:171,0
DA:182,0
DA:183,0
DA:184,0
DA:185,0
DA:186,0
DA:187,0
DA:188,0
DA:189,0
LF:90
LH:0
BRDA:33,0,0,0
BRDA:33,0,1,0
BRDA:44,1,0,0
BRDA:44,1,1,0
BRDA:44,2,0,0
BRDA:44,2,1,0
BRDA:53,3,0,0
BRDA:57,4,0,0
BRDA:57,4,1,0
BRDA:57,5,0,0
BRDA:57,5,1,0
BRDA:63,6,0,0
BRDA:63,6,1,0
BRDA:71,7,0,0
BRDA:71,7,1,0
BRDA:81,8,0,0
BRDA:81,8,1,0
BRDA:88,9,0,0
BRDA:88,9,1,0
BRDA:102,10,0,0
BRDA:102,10,1,0
BRDA:109,11,0,0
BRDA:109,11,1,0
BRDA:112,12,0,0
BRDA:112,12,1,0
BRDA:117,13,0,0
BRDA:117,13,1,0
BRDA:117,14,0,0
BRDA:117,14,1,0
BRDA:122,15,0,0
BRDA:122,15,1,0
BRDA:156,16,0,0
BRDA:159,17,0,0
BRDA:159,17,1,0
BRDA:159,18,0,0
BRDA:159,18,1,0
BRDA:165,19,0,0
BRDA:165,19,1,0
BRDA:173,20,0,0
BRDA:173,20,1,0
BRDA:184,21,0,0
BRDA:184,21,1,0
BRDA:187,22,0,0
BRDA:187,22,1,0
BRDA:187,23,0,0
BRDA:187,23,1,0
BRDA:188,24,0,0
BRDA:188,24,1,0
BRF:48
BRH:0
end_of_record
TN:
SF:src/engine.ts
FN:21,runTick
FNF:1
FNH:0
FNDA:0,runTick
DA:3,0
DA:4,0
DA:5,0
DA:6,0
DA:21,0
DA:26,0
DA:27,0
DA:28,0
DA:40,0
DA:43,0
DA:44,0
DA:46,0
DA:49,0
DA:55,0
DA:56,0
DA:57,0
DA:68,0
DA:72,0
DA:75,0
DA:77,0
LF:20
LH:0
BRDA:30,0,0,0
BRDA:30,0,1,0
BRDA:33,1,0,0
BRDA:33,1,1,0
BRDA:34,2,0,0
BRDA:34,2,1,0
BRDA:40,3,0,0
BRDA:40,3,1,0
BRDA:43,4,0,0
BRDA:43,4,1,0
BRDA:50,5,0,0
BRDA:50,5,1,0
BRDA:55,6,0,0
BRDA:55,6,1,0
BRDA:59,7,0,0
BRDA:59,7,1,0
BRDA:61,8,0,0
BRDA:61,8,1,0
BRF:18
BRH:0
end_of_record
TN:
SF:src/leverageAnalysis.ts
FN:34,simulateTradeWithLeverage
FN:91,runLeverageBacktest
FN:119,(anonymous_2)
FN:160,(anonymous_3)
FN:163,(anonymous_4)
FN:164,(anonymous_5)
FN:184,analyzeLeverageScenarios
FN:235,(anonymous_7)
FN:241,(anonymous_8)
FN:244,(anonymous_9)
FNF:10
FNH:0
FNDA:0,simulateTradeWithLeverage
FNDA:0,runLeverageBacktest
FNDA:0,(anonymous_2)
FNDA:0,(anonymous_3)
FNDA:0,(anonymous_4)
FNDA:0,(anonymous_5)
FNDA:0,analyzeLeverageScenarios
FNDA:0,(anonymous_7)
FNDA:0,(anonymous_8)
FNDA:0,(anonymous_9)
DA:1,0
DA:2,0
DA:41,0
DA:43,0
DA:44,0
DA:45,0
DA:46,0
DA:48,0
DA:49,0
DA:50,0
DA:53,0
DA:54,0
DA:55,0
DA:56,0
DA:57,0
DA:59,0
DA:60,0
DA:61,0
DA:64,0
DA:65,0
DA:66,0
DA:67,0
DA:68,0
DA:69,0
DA:71,0
DA:72,0
DA:73,0
DA:74,0
DA:77,0
DA:78,0
DA:80,0
DA:81,0
DA:82,0
DA:85,0
DA:88,0
DA:99,0
DA:100,0
DA:102,0
DA:112,0
DA:113,0
DA:114,0
DA:116,0
DA:117,0
DA:120,0
DA:127,0
DA:128,0
DA:129,0
DA:137,0
DA:139,0
DA:140,0
DA:141,0
DA:142,0
DA:146,0
DA:147,0
DA:152,0
DA:154,0
DA:157,0
DA:160,0
DA:161,0
DA:163,0
DA:164,0
DA:165,0
DA:168,0
DA:169,0
DA:171,0
DA:184,0
DA:191,0
DA:200,0
DA:201,0
DA:202,0
DA:204,0
DA:206,0
DA:207,0
DA:208,0
DA:210,0
DA:211,0
DA:212,0
DA:214,0
DA:215,0
DA:216,0
DA:217,0
DA:218,0
DA:221,0
DA:225,0
DA:229,0
DA:230,0
DA:231,0
DA:232,0
DA:233,0
DA:235,0
DA:236,0
DA:237,0
DA:238,0
DA:241,0
DA:243,0
DA:244,0
DA:245,0
DA:246,0
DA:254,0
DA:255,0
DA:256,0
DA:257,0
DA:258,0
DA:259,0
DA:260,0
LF:105
LH:0
BRDA:39,0,0,0
BRDA:41,1,0,0
BRDA:41,1,1,0
BRDA:41,2,0,0
BRDA:41,2,1,0
BRDA:43,3,0,0
BRDA:43,3,1,0
BRDA:53,4,0,0
BRDA:53,4,1,0
BRDA:53,5,0,0
BRDA:53,5,1,0
BRDA:54,6,0,0
BRDA:54,6,1,0
BRDA:64,7,0,0
BRDA:64,7,1,0
BRDA:64,8,0,0
BRDA:64,8,1,0
BRDA:66,9,0,0
BRDA:66,9,1,0
BRDA:68,10,0,0
BRDA:68,10,1,0
BRDA:77,11,0,0
BRDA:77,11,1,0
BRDA:81,12,0,0
BRDA:81,12,1,0
BRDA:96,13,0,0
BRDA:97,14,0,0
BRDA:123,15,0,0
BRDA:123,15,1,0
BRDA:123,15,2,0
BRDA:127,16,0,0
BRDA:127,16,1,0
BRDA:128,17,0,0
BRDA:128,17,1,0
BRDA:128,17,2,0
BRDA:133,18,0,0
BRDA:133,18,1,0
BRDA:139,19,0,0
BRDA:139,19,1,0
BRDA:139,20,0,0
BRDA:139,20,1,0
BRDA:141,21,0,0
BRDA:141,21,1,0
BRDA:141,22,0,0
BRDA:141,22,1,0
BRDA:157,23,0,0
BRDA:157,23,1,0
BRDA:165,24,0,0
BRDA:165,24,1,0
BRDA:169,25,0,0
BRDA:169,25,1,0
BRDA:185,26,0,0
BRDA:186,27,0,0
BRDA:187,28,0,0
BRDA:229,29,0,0
BRDA:229,29,1,0
BRDA:231,30,0,0
BRDA:231,30,1,0
BRDA:232,31,0,0
BRDA:232,31,1,0
BRDA:233,32,0,0
BRDA:233,32,1,0
BRDA:257,33,0,0
BRDA:257,33,1,0
BRF:64
BRH:0
end_of_record
TN:
SF:src/logger.ts
FN:17,(anonymous_1)
FN:20,(anonymous_2)
FN:25,logEvent
FN:29,writeLog
FNF:4
FNH:0
FNDA:0,(anonymous_1)
FNDA:0,(anonymous_2)
FNDA:0,logEvent
FNDA:0,writeLog
DA:1,0
DA:2,0
DA:10,0
DA:11,0
DA:13,0
DA:14,0
DA:16,0
DA:18,0
DA:21,0
DA:25,0
DA:26,0
DA:30,0
DA:31,0
LF:13
LH:0
BRF:0
BRH:0
end_of_record
TN:
SF:src/marketData.ts
FN:8,rollingPush
FN:14,computeBodyOverAtr
FN:26,(anonymous_2)
FN:27,(anonymous_3)
FN:34,computeVolumeZ
FN:37,(anonymous_5)
FN:39,(anonymous_6)
FN:39,(anonymous_7)
FN:44,getE3Features
FN:64,(anonymous_9)
FN:65,(anonymous_10)
FN:66,(anonymous_11)
FNF:12
FNH:0
FNDA:0,rollingPush
FNDA:0,computeBodyOverAtr
FNDA:0,(anonymous_2)
FNDA:0,(anonymous_3)
FNDA:0,computeVolumeZ
FNDA:0,(anonymous_5)
FNDA:0,(anonymous_6)
FNDA:0,(anonymous_7)
FNDA:0,getE3Features
FNDA:0,(anonymous_9)
FNDA:0,(anonymous_10)
FNDA:0,(anonymous_11)
DA:2,0
DA:4,0
DA:5,0
DA:6,0
DA:9,0
DA:10,0
DA:15,0
DA:16,0
DA:17,0
DA:19,0
DA:20,0
DA:21,0
DA:23,0
DA:26,0
DA:27,0
DA:30,0
DA:31,0
DA:35,0
DA:36,0
DA:37,0
DA:38,0
DA:39,0
DA:41,0
DA:44,0
DA:45,0
DA:46,0
DA:47,0
DA:49,0
DA:50,0
DA:51,0
DA:52,0
DA:55,0
DA:59,0
DA:62,0
DA:63,0
DA:64,0
DA:65,0
DA:66,0
DA:67,0
DA:71,0
DA:73,0
DA:84,0
DA:85,0
LF:43
LH:0
BRDA:10,0,0,0
BRDA:10,0,1,0
BRDA:15,1,0,0
BRDA:15,1,1,0
BRDA:23,2,0,0
BRDA:23,2,1,0
BRDA:31,3,0,0
BRDA:31,3,1,0
BRDA:34,4,0,0
BRDA:36,5,0,0
BRDA:36,5,1,0
BRDA:41,6,0,0
BRDA:41,6,1,0
BRDA:52,7,0,0
BRDA:52,7,1,0
BRDA:55,8,0,0
BRDA:55,8,1,0
BRDA:55,9,0,0
BRDA:55,9,1,0
BRDA:59,10,0,0
BRDA:59,10,1,0
BRDA:63,11,0,0
BRDA:63,11,1,0
BRDA:71,12,0,0
BRDA:71,12,1,0
BRDA:74,13,0,0
BRDA:74,13,1,0
BRDA:75,14,0,0
BRDA:75,14,1,0
BRDA:76,15,0,0
BRDA:76,15,1,0
BRDA:77,16,0,0
BRDA:77,16,1,0
BRDA:78,17,0,0
BRDA:78,17,1,0
BRDA:79,18,0,0
BRDA:79,18,1,0
BRDA:80,19,0,0
BRDA:80,19,1,0
BRDA:81,20,0,0
BRDA:81,20,1,0
BRF:41
BRH:0
end_of_record
TN:
SF:src/metrics.ts
FN:21,computeMetrics
FN:37,(anonymous_1)
FN:38,(anonymous_2)
FN:65,mean
FN:67,(anonymous_4)
FN:70,std
FN:74,(anonymous_6)
FN:74,(anonymous_7)
FN:79,sum
FN:80,(anonymous_9)
FN:83,calcMaxDrawdown
FNF:11
FNH:0
FNDA:0,computeMetrics
FNDA:0,(anonymous_1)
FNDA:0,(anonymous_2)
FNDA:0,mean
FNDA:0,(anonymous_4)
FNDA:0,std
FNDA:0,(anonymous_6)
FNDA:0,(anonymous_7)
FNDA:0,sum
FNDA:0,(anonymous_9)
FNDA:0,calcMaxDrawdown
DA:21,0
DA:22,0
DA:23,0
DA:24,0
DA:26,0
DA:27,0
DA:29,0
DA:32,0
DA:35,0
DA:37,0
DA:38,0
DA:41,0
DA:42,0
DA:43,0
DA:44,0
DA:45,0
DA:46,0
DA:47,0
DA:49,0
DA:50,0
DA:54,0
DA:66,0
DA:67,0
DA:71,0
DA:72,0
DA:73,0
DA:74,0
DA:80,0
DA:84,0
DA:85,0
DA:86,0
DA:87,0
DA:88,0
DA:89,0
DA:91,0
LF:35
LH:0
BRDA:32,0,0,0
BRDA:32,0,1,0
BRDA:35,1,0,0
BRDA:35,1,1,0
BRDA:42,2,0,0
BRDA:42,2,1,0
BRDA:46,3,0,0
BRDA:46,3,1,0
BRDA:49,4,0,0
BRDA:49,4,1,0
BRDA:58,5,0,0
BRDA:58,5,1,0
BRDA:66,6,0,0
BRDA:66,6,1,0
BRDA:71,7,0,0
BRDA:71,7,1,0
BRDA:84,8,0,0
BRDA:84,8,1,0
BRDA:87,9,0,0
BRDA:87,9,1,0
BRDA:89,10,0,0
BRDA:89,10,1,0
BRF:22
BRH:0
end_of_record
TN:
SF:src/optimize.ts
FN:21,generateParameterSets
FN:25,(anonymous_2)
FN:27,(anonymous_3)
FN:29,(anonymous_4)
FN:29,(anonymous_5)
FN:30,(anonymous_6)
FN:50,(anonymous_7)
FN:51,(anonymous_8)
FN:53,(anonymous_9)
FN:59,chunkArray
FN:68,forceGC
FN:81,optimize
FN:84,(anonymous_13)
FN:88,(anonymous_14)
FN:182,(anonymous_15)
FN:186,(anonymous_16)
FNF:16
FNH:0
FNDA:0,generateParameterSets
FNDA:0,(anonymous_2)
FNDA:0,(anonymous_3)
FNDA:0,(anonymous_4)
FNDA:0,(anonymous_5)
FNDA:0,(anonymous_6)
FNDA:0,(anonymous_7)
FNDA:0,(anonymous_8)
FNDA:0,(anonymous_9)
FNDA:0,chunkArray
FNDA:0,forceGC
FNDA:0,optimize
FNDA:0,(anonymous_13)
FNDA:0,(anonymous_14)
FNDA:0,(anonymous_15)
FNDA:0,(anonymous_16)
DA:1,0
DA:2,0
DA:3,0
DA:5,0
DA:6,0
DA:22,0
DA:25,0
DA:26,0
DA:28,0
DA:29,0
DA:30,0
DA:34,0
DA:36,0
DA:37,0
DA:38,0
DA:39,0
DA:41,0
DA:42,0
DA:44,0
DA:46,0
DA:50,0
DA:51,0
DA:52,0
DA:53,0
DA:54,0
DA:60,0
DA:61,0
DA:62,0
DA:64,0
DA:69,0
DA:70,0
DA:72,0
DA:73,0
DA:83,0
DA:84,0
DA:85,0
DA:88,0
DA:89,0
DA:95,0
DA:96,0
DA:97,0
DA:100,0
DA:101,0
DA:103,0
DA:104,0
DA:106,0
DA:108,0
DA:109,0
DA:110,0
DA:111,0
DA:112,0
DA:114,0
DA:117,0
DA:118,0
DA:119,0
DA:120,0
DA:121,0
DA:123,0
DA:127,0
DA:129,0
DA:130,0
DA:131,0
DA:133,0
DA:135,0
DA:136,0
DA:137,0
DA:138,0
DA:141,0
DA:142,0
DA:145,0
DA:146,0
DA:147,0
DA:148,0
DA:150,0
DA:151,0
DA:153,0
DA:154,0
DA:159,0
DA:162,0
DA:163,0
DA:172,0
DA:173,0
DA:177,0
DA:181,0
DA:182,0
DA:185,0
DA:186,0
DA:190,0
DA:192,0
DA:193,0
DA:194,0
DA:195,0
DA:197,0
DA:198,0
DA:199,0
DA:203,0
DA:204,0
LF:97
LH:0
BRDA:34,0,0,0
BRDA:34,0,1,0
BRDA:34,1,0,0
BRDA:34,1,1,0
BRDA:69,2,0,0
BRDA:69,2,1,0
BRDA:85,3,0,0
BRDA:85,3,1,0
BRDA:89,4,0,0
BRDA:89,4,1,0
BRDA:91,5,0,0
BRDA:91,5,1,0
BRDA:100,6,0,0
BRDA:100,6,1,0
BRDA:117,7,0,0
BRDA:117,7,1,0
BRDA:117,8,0,0
BRDA:117,8,1,0
BRDA:120,9,0,0
BRDA:120,9,1,0
BRDA:145,10,0,0
BRDA:145,10,1,0
BRDA:146,11,0,0
BRDA:146,11,1,0
BRDA:162,12,0,0
BRDA:162,12,1,0
BRDA:182,13,0,0
BRDA:182,13,1,0
BRDA:197,14,0,0
BRDA:197,14,1,0
BRDA:203,15,0,0
BRDA:203,15,1,0
BRF:32
BRH:0
end_of_record
TN:
SF:src/regimes.ts
FN:8,classifyRegime
FNF:1
FNH:0
FNDA:0,classifyRegime
DA:8,0
DA:13,0
DA:14,0
DA:15,0
DA:16,0
DA:17,0
DA:20,0
DA:21,0
DA:22,0
DA:23,0
DA:27,0
DA:28,0
DA:29,0
DA:33,0
DA:34,0
DA:35,0
DA:38,0
DA:39,0
DA:41,0
LF:19
LH:0
BRDA:16,0,0,0
BRDA:16,0,1,0
BRDA:20,1,0,0
BRDA:20,1,1,0
BRDA:20,2,0,0
BRDA:20,2,1,0
BRDA:22,3,0,0
BRDA:22,3,1,0
BRDA:22,4,0,0
BRDA:22,4,1,0
BRDA:28,5,0,0
BRDA:28,5,1,0
BRDA:34,6,0,0
BRDA:34,6,1,0
BRDA:34,7,0,0
BRDA:34,7,1,0
BRDA:38,8,0,0
BRDA:38,8,1,0
BRDA:39,9,0,0
BRDA:39,9,1,0
BRDA:41,10,0,0
BRDA:41,10,1,0
BRDA:41,11,0,0
BRDA:41,11,1,0
BRF:24
BRH:0
end_of_record
TN:
SF:src/risk.ts
FN:25,cooldownOk
FN:30,checkDailyLossCap
FN:34,positionSizeUsd
FN:39,calcAtrStopDist
FN:46,calcRLevels
FN:54,onTradeClose
FNF:6
FNH:0
FNDA:0,cooldownOk
FNDA:0,checkDailyLossCap
FNDA:0,positionSizeUsd
FNDA:0,calcAtrStopDist
FNDA:0,calcRLevels
FNDA:0,onTradeClose
DA:14,0
DA:25,0
DA:26,0
DA:27,0
DA:30,0
DA:31,0
DA:34,0
DA:35,0
DA:36,0
DA:39,0
DA:41,0
DA:42,0
DA:43,0
DA:46,0
DA:47,0
DA:54,0
DA:55,0
DA:56,0
DA:57,0
DA:59,0
DA:63,0
DA:64,0
DA:65,0
DA:66,0
DA:67,0
LF:25
LH:0
BRDA:31,0,0,0
BRDA:31,0,1,0
BRDA:41,1,0,0
BRDA:41,1,1,0
BRDA:56,2,0,0
BRDA:56,2,1,0
BRF:6
BRH:0
end_of_record
TN:
SF:src/solana.ts
FN:5,getConnection
FN:9,getKeypair
FNF:2
FNH:0
FNDA:0,getConnection
FNDA:0,getKeypair
DA:1,0
DA:2,0
DA:3,0
DA:5,0
DA:6,0
DA:9,0
DA:10,0
DA:11,0
LF:8
LH:0
BRF:0
BRH:0
end_of_record
TN:
SF:src/visualize.ts
FN:24,plotBacktest
FN:26,(anonymous_2)
FN:27,(anonymous_3)
FN:38,(anonymous_4)
FN:39,(anonymous_5)
FN:42,(anonymous_6)
FN:43,(anonymous_7)
FN:51,(anonymous_8)
FN:52,(anonymous_9)
FN:59,(anonymous_10)
FN:63,(anonymous_11)
FNF:11
FNH:0
FNDA:0,plotBacktest
FNDA:0,(anonymous_2)
FNDA:0,(anonymous_3)
FNDA:0,(anonymous_4)
FNDA:0,(anonymous_5)
FNDA:0,(anonymous_6)
FNDA:0,(anonymous_7)
FNDA:0,(anonymous_8)
FNDA:0,(anonymous_9)
FNDA:0,(anonymous_10)
FNDA:0,(anonymous_11)
DA:1,0
DA:2,0
DA:24,0
DA:25,0
DA:26,0
DA:27,0
DA:29,0
DA:38,0
DA:39,0
DA:41,0
DA:42,0
DA:43,0
DA:50,0
DA:51,0
DA:52,0
DA:59,0
DA:60,0
DA:61,0
DA:62,0
DA:63,0
DA:64,0
DA:65,0
DA:66,0
DA:82,0
DA:83,0
DA:87,0
DA:97,0
DA:110,0
DA:111,0
DA:112,0
DA:113,0
DA:114,0
LF:32
LH:0
BRDA:59,0,0,0
BRDA:59,0,1,0
BRDA:64,1,0,0
BRDA:64,1,1,0
BRDA:65,2,0,0
BRDA:65,2,1,0
BRDA:65,3,0,0
BRDA:65,3,1,0
BRDA:74,4,0,0
BRDA:74,4,1,0
BRDA:75,5,0,0
BRDA:75,5,1,0
BRDA:76,6,0,0
BRDA:76,6,1,0
BRDA:77,7,0,0
BRDA:77,7,1,0
BRDA:110,8,0,0
BRDA:110,8,1,0
BRDA:112,9,0,0
BRDA:112,9,1,0
BRF:20
BRH:0
end_of_record
TN:
SF:src/ai/base.ts
FN:21,(anonymous_0)
FN:38,(anonymous_1)
FN:45,(anonymous_2)
FN:52,(anonymous_3)
FN:59,(anonymous_4)
FN:82,(anonymous_5)
FN:89,(anonymous_6)
FN:96,(anonymous_7)
FN:111,(anonymous_8)
FN:119,(anonymous_9)
FN:136,(anonymous_10)
FN:146,(anonymous_11)
FN:210,(anonymous_12)
FN:228,(anonymous_13)
FN:249,(anonymous_14)
FN:256,(anonymous_15)
FN:264,(anonymous_16)
FNF:17
FNH:0
FNDA:0,(anonymous_0)
FNDA:0,(anonymous_1)
FNDA:0,(anonymous_2)
FNDA:0,(anonymous_3)
FNDA:0,(anonymous_4)
FNDA:0,(anonymous_5)
FNDA:0,(anonymous_6)
FNDA:0,(anonymous_7)
FNDA:0,(anonymous_8)
FNDA:0,(anonymous_9)
FNDA:0,(anonymous_10)
FNDA:0,(anonymous_11)
FNDA:0,(anonymous_12)
FNDA:0,(anonymous_13)
FNDA:0,(anonymous_14)
FNDA:0,(anonymous_15)
FNDA:0,(anonymous_16)
DA:17,0
DA:19,0
DA:22,0
DA:39,0
DA:46,0
DA:53,0
DA:66,0
DA:75,0
DA:76,0
DA:83,0
DA:90,0
DA:97,0
DA:99,0
DA:100,0
DA:101,0
DA:105,0
DA:112,0
DA:113,0
DA:120,0
DA:121,0
DA:122,0
DA:123,0
DA:124,0
DA:126,0
DA:128,0
DA:129,0
DA:143,0
DA:146,0
DA:148,0
DA:149,0
DA:152,0
DA:155,0
DA:157,0
DA:158,0
DA:159,0
DA:163,0
DA:164,0
DA:165,0
DA:166,0
DA:167,0
DA:168,0
DA:169,0
DA:171,0
DA:172,0
DA:173,0
DA:174,0
DA:175,0
DA:176,0
DA:180,0
DA:181,0
DA:182,0
DA:183,0
DA:187,0
DA:188,0
DA:189,0
DA:193,0
DA:194,0
DA:198,0
DA:211,0
DA:229,0
DA:231,0
DA:250,0
DA:257,0
DA:258,0
DA:265,0
DA:266,0
DA:267,0
LF:67
LH:0
BRDA:100,0,0,0
BRDA:100,0,1,0
BRDA:100,1,0,0
BRDA:100,1,1,0
BRDA:105,2,0,0
BRDA:105,2,1,0
BRDA:105,2,2,0
BRDA:111,3,0,0
BRDA:121,4,0,0
BRDA:121,4,1,0
BRDA:124,5,0,0
BRDA:124,5,1,0
BRDA:128,6,0,0
BRDA:128,6,1,0
BRDA:158,7,0,0
BRDA:158,7,1,0
BRDA:163,8,0,0
BRDA:163,8,1,0
BRDA:163,9,0,0
BRDA:163,9,1,0
BRDA:164,10,0,0
BRDA:164,10,1,0
BRDA:164,11,0,0
BRDA:164,11,1,0
BRDA:166,12,0,0
BRDA:166,12,1,0
BRDA:166,13,0,0
BRDA:166,13,1,0
BRDA:168,14,0,0
BRDA:168,14,1,0
BRDA:168,15,0,0
BRDA:168,15,1,0
BRDA:168,15,2,0
BRDA:171,16,0,0
BRDA:171,16,1,0
BRDA:171,17,0,0
BRDA:171,17,1,0
BRDA:173,18,0,0
BRDA:173,18,1,0
BRDA:173,19,0,0
BRDA:173,19,1,0
BRDA:175,20,0,0
BRDA:175,20,1,0
BRDA:175,21,0,0
BRDA:175,21,1,0
BRDA:175,21,2,0
BRDA:181,22,0,0
BRDA:181,22,1,0
BRDA:183,23,0,0
BRDA:183,23,1,0
BRDA:188,24,0,0
BRDA:188,24,1,0
BRDA:193,25,0,0
BRDA:193,25,1,0
BRDA:193,26,0,0
BRDA:193,26,1,0
BRDA:193,26,2,0
BRDA:193,26,3,0
BRDA:193,26,4,0
BRDA:235,27,0,0
BRDA:235,27,1,0
BRF:61
BRH:0
end_of_record
TN:
SF:src/ai/ollama.ts
FN:15,(anonymous_0)
FN:22,(anonymous_1)
FN:32,(anonymous_2)
FN:65,(anonymous_3)
FN:110,(anonymous_4)
FN:112,(anonymous_5)
FN:160,(anonymous_6)
FN:177,(anonymous_7)
FN:181,(anonymous_8)
FN:195,(anonymous_9)
FN:204,(anonymous_10)
FN:214,(anonymous_11)
FN:233,(anonymous_12)
FN:247,(anonymous_13)
FN:261,(anonymous_14)
FN:272,(anonymous_15)
FN:276,(anonymous_16)
FNF:17
FNH:0
FNDA:0,(anonymous_0)
FNDA:0,(anonymous_1)
FNDA:0,(anonymous_2)
FNDA:0,(anonymous_3)
FNDA:0,(anonymous_4)
FNDA:0,(anonymous_5)
FNDA:0,(anonymous_6)
FNDA:0,(anonymous_7)
FNDA:0,(anonymous_8)
FNDA:0,(anonymous_9)
FNDA:0,(anonymous_10)
FNDA:0,(anonymous_11)
FNDA:0,(anonymous_12)
FNDA:0,(anonymous_13)
FNDA:0,(anonymous_14)
FNDA:0,(anonymous_15)
FNDA:0,(anonymous_16)
DA:6,0
DA:12,0
DA:13,0
DA:16,0
DA:23,0
DA:33,0
DA:34,0
DA:37,0
DA:38,0
DA:41,0
DA:42,0
DA:43,0
DA:44,0
DA:46,0
DA:54,0
DA:55,0
DA:57,0
DA:58,0
DA:66,0
DA:67,0
DA:69,0
DA:111,0
DA:112,0
DA:114,0
DA:115,0
DA:133,0
DA:135,0
DA:136,0
DA:139,0
DA:141,0
DA:142,0
DA:145,0
DA:147,0
DA:149,0
DA:150,0
DA:153,0
DA:161,0
DA:162,0
DA:169,0
DA:170,0
DA:173,0
DA:176,0
DA:177,0
DA:179,0
DA:181,0
DA:182,0
DA:185,0
DA:187,0
DA:188,0
DA:196,0
DA:197,0
DA:199,0
DA:200,0
DA:203,0
DA:204,0
DA:206,0
DA:207,0
DA:215,0
DA:216,0
DA:217,0
DA:218,0
DA:220,0
DA:222,0
DA:223,0
DA:226,0
DA:227,0
DA:234,0
DA:236,0
DA:248,0
DA:250,0
DA:251,0
DA:252,0
DA:254,0
DA:256,0
DA:257,0
DA:258,0
DA:261,0
DA:266,0
DA:276,0
LF:79
LH:0
BRDA:33,0,0,0
BRDA:33,0,1,0
BRDA:37,1,0,0
BRDA:37,1,1,0
BRDA:49,2,0,0
BRDA:49,2,1,0
BRDA:67,3,0,0
BRDA:67,3,1,0
BRDA:135,4,0,0
BRDA:135,4,1,0
BRDA:141,5,0,0
BRDA:141,5,1,0
BRDA:149,6,0,0
BRDA:149,6,1,0
BRDA:149,7,0,0
BRDA:149,7,1,0
BRDA:169,8,0,0
BRDA:169,8,1,0
BRDA:176,9,0,0
BRDA:176,9,1,0
BRDA:179,10,0,0
BRDA:179,10,1,0
BRDA:182,11,0,0
BRDA:182,11,1,0
BRDA:199,12,0,0
BRDA:199,12,1,0
BRDA:204,13,0,0
BRDA:204,13,1,0
BRDA:222,14,0,0
BRDA:222,14,1,0
BRDA:256,15,0,0
BRDA:256,15,1,0
BRDA:266,16,0,0
BRDA:266,16,1,0
BRF:34
BRH:0
end_of_record
TN:
SF:src/backtest/walkForward.ts
FN:75,(anonymous_0)
FN:80,(anonymous_1)
FN:112,(anonymous_2)
FN:135,(anonymous_3)
FN:180,(anonymous_4)
FN:204,(anonymous_5)
FN:244,(anonymous_6)
FN:261,(anonymous_7)
FN:262,(anonymous_8)
FN:288,(anonymous_9)
FN:293,(anonymous_10)
FN:324,(anonymous_11)
FN:342,(anonymous_12)
FN:343,(anonymous_13)
FN:347,(anonymous_14)
FN:348,(anonymous_15)
FN:349,(anonymous_16)
FN:350,(anonymous_17)
FN:351,(anonymous_18)
FN:352,(anonymous_19)
FN:356,(anonymous_20)
FN:359,(anonymous_21)
FN:367,(anonymous_22)
FN:370,(anonymous_23)
FN:371,(anonymous_24)
FN:372,(anonymous_25)
FN:376,(anonymous_26)
FN:377,(anonymous_27)
FN:381,(anonymous_28)
FN:382,(anonymous_29)
FN:387,(anonymous_30)
FN:401,(anonymous_31)
FNF:32
FNH:0
FNDA:0,(anonymous_0)
FNDA:0,(anonymous_1)
FNDA:0,(anonymous_2)
FNDA:0,(anonymous_3)
FNDA:0,(anonymous_4)
FNDA:0,(anonymous_5)
FNDA:0,(anonymous_6)
FNDA:0,(anonymous_7)
FNDA:0,(anonymous_8)
FNDA:0,(anonymous_9)
FNDA:0,(anonymous_10)
FNDA:0,(anonymous_11)
FNDA:0,(anonymous_12)
FNDA:0,(anonymous_13)
FNDA:0,(anonymous_14)
FNDA:0,(anonymous_15)
FNDA:0,(anonymous_16)
FNDA:0,(anonymous_17)
FNDA:0,(anonymous_18)
FNDA:0,(anonymous_19)
FNDA:0,(anonymous_20)
FNDA:0,(anonymous_21)
FNDA:0,(anonymous_22)
FNDA:0,(anonymous_23)
FNDA:0,(anonymous_24)
FNDA:0,(anonymous_25)
FNDA:0,(anonymous_26)
FNDA:0,(anonymous_27)
FNDA:0,(anonymous_28)
FNDA:0,(anonymous_29)
FNDA:0,(anonymous_30)
FNDA:0,(anonymous_31)
DA:2,0
DA:3,0
DA:70,0
DA:72,0
DA:73,0
DA:76,0
DA:77,0
DA:81,0
DA:82,0
DA:83,0
DA:84,0
DA:85,0
DA:87,0
DA:88,0
DA:90,0
DA:91,0
DA:92,0
DA:93,0
DA:95,0
DA:105,0
DA:106,0
DA:109,0
DA:113,0
DA:115,0
DA:116,0
DA:117,0
DA:118,0
DA:120,0
DA:125,0
DA:130,0
DA:132,0
DA:137,0
DA:140,0
DA:147,0
DA:154,0
DA:161,0
DA:167,0
DA:168,0
DA:170,0
DA:183,0
DA:186,0
DA:191,0
DA:210,0
DA:217,0
DA:218,0
DA:228,0
DA:250,0
DA:251,0
DA:254,0
DA:256,0
DA:257,0
DA:261,0
DA:262,0
DA:263,0
DA:265,0
DA:266,0
DA:267,0
DA:273,0
DA:274,0
DA:275,0
DA:278,0
DA:290,0
DA:297,0
DA:298,0
DA:300,0
DA:325,0
DA:333,0
DA:334,0
DA:339,0
DA:343,0
DA:345,0
DA:347,0
DA:348,0
DA:349,0
DA:350,0
DA:351,0
DA:352,0
DA:357,0
DA:359,0
DA:360,0
DA:361,0
DA:362,0
DA:364,0
DA:367,0
DA:370,0
DA:371,0
DA:372,0
DA:377,0
DA:379,0
DA:381,0
DA:382,0
DA:388,0
DA:389,0
DA:391,0
DA:393,0
DA:394,0
DA:397,0
DA:398,0
DA:401,0
DA:402,0
DA:404,0
DA:405,0
DA:408,0
LF:103
LH:0
BRDA:361,0,0,0
BRDA:361,0,1,0
BRDA:393,1,0,0
BRDA:393,1,1,0
BRDA:397,2,0,0
BRDA:397,2,1,0
BRDA:401,3,0,0
BRDA:401,3,1,0
BRDA:404,4,0,0
BRDA:404,4,1,0
BRF:10
BRH:0
end_of_record
TN:
SF:src/core/optimize.ts
FN:58,(anonymous_10)
FN:63,(anonymous_11)
FN:71,(anonymous_12)
FN:84,(anonymous_13)
FN:114,(anonymous_14)
FN:132,(anonymous_15)
FN:133,(anonymous_16)
FN:133,(anonymous_17)
FN:133,(anonymous_18)
FN:133,(anonymous_19)
FN:137,(anonymous_20)
FN:138,(anonymous_21)
FN:140,(anonymous_22)
FN:148,(anonymous_23)
FN:205,(anonymous_24)
FN:208,(anonymous_25)
FN:235,(anonymous_26)
FN:260,(anonymous_27)
FN:288,(anonymous_28)
FN:318,(anonymous_29)
FN:329,(anonymous_30)
FN:343,(anonymous_31)
FN:376,(anonymous_32)
FNF:23
FNH:0
FNDA:0,(anonymous_10)
FNDA:0,(anonymous_11)
FNDA:0,(anonymous_12)
FNDA:0,(anonymous_13)
FNDA:0,(anonymous_14)
FNDA:0,(anonymous_15)
FNDA:0,(anonymous_16)
FNDA:0,(anonymous_17)
FNDA:0,(anonymous_18)
FNDA:0,(anonymous_19)
FNDA:0,(anonymous_20)
FNDA:0,(anonymous_21)
FNDA:0,(anonymous_22)
FNDA:0,(anonymous_23)
FNDA:0,(anonymous_24)
FNDA:0,(anonymous_25)
FNDA:0,(anonymous_26)
FNDA:0,(anonymous_27)
FNDA:0,(anonymous_28)
FNDA:0,(anonymous_29)
FNDA:0,(anonymous_30)
FNDA:0,(anonymous_31)
FNDA:0,(anonymous_32)
DA:6,0
DA:7,0
DA:9,0
DA:10,0
DA:54,0
DA:55,0
DA:56,0
DA:64,0
DA:65,0
DA:71,0
DA:73,0
DA:74,0
DA:81,0
DA:84,0
DA:85,0
DA:86,0
DA:87,0
DA:88,0
DA:90,0
DA:106,0
DA:107,0
DA:115,0
DA:117,0
DA:119,0
DA:120,0
DA:121,0
DA:122,0
DA:123,0
DA:124,0
DA:126,0
DA:128,0
DA:132,0
DA:133,0
DA:137,0
DA:138,0
DA:139,0
DA:140,0
DA:141,0
DA:149,0
DA:151,0
DA:154,0
DA:155,0
DA:161,0
DA:162,0
DA:164,0
DA:165,0
DA:167,0
DA:168,0
DA:170,0
DA:176,0
DA:177,0
DA:178,0
DA:179,0
DA:180,0
DA:182,0
DA:183,0
DA:188,0
DA:196,0
DA:199,0
DA:200,0
DA:205,0
DA:208,0
DA:209,0
DA:212,0
DA:214,0
DA:224,0
DA:229,0
DA:240,0
DA:249,0
DA:256,0
DA:258,0
DA:260,0
DA:261,0
DA:267,0
DA:268,0
DA:269,0
DA:272,0
DA:274,0
DA:280,0
DA:281,0
DA:290,0
DA:291,0
DA:295,0
DA:296,0
DA:300,0
DA:301,0
DA:302,0
DA:303,0
DA:307,0
DA:312,0
DA:319,0
DA:320,0
DA:321,0
DA:323,0
DA:330,0
DA:331,0
DA:333,0
DA:334,0
DA:348,0
DA:349,0
DA:350,0
DA:351,0
DA:354,0
DA:355,0
DA:356,0
DA:358,0
DA:367,0
DA:369,0
DA:377,0
LF:109
LH:0
BRDA:75,0,0,0
BRDA:75,0,1,0
BRDA:76,1,0,0
BRDA:76,1,1,0
BRDA:77,2,0,0
BRDA:77,2,1,0
BRDA:86,3,0,0
BRDA:86,3,1,0
BRDA:86,3,2,0
BRDA:92,4,0,0
BRDA:92,4,1,0
BRDA:94,5,0,0
BRDA:94,5,1,0
BRDA:117,6,0,0
BRDA:117,6,1,0
BRDA:117,7,0,0
BRDA:117,7,1,0
BRDA:161,8,0,0
BRDA:161,8,1,0
BRDA:199,9,0,0
BRDA:199,9,1,0
BRDA:241,10,0,0
BRDA:241,10,1,0
BRDA:242,11,0,0
BRDA:242,11,1,0
BRDA:243,12,0,0
BRDA:243,12,1,0
BRDA:245,13,0,0
BRDA:245,13,1,0
BRDA:290,14,0,0
BRDA:290,14,1,0
BRDA:290,15,0,0
BRDA:290,15,1,0
BRDA:295,16,0,0
BRDA:295,16,1,0
BRDA:330,17,0,0
BRDA:330,17,1,0
BRDA:350,18,0,0
BRDA:350,18,1,0
BRF:39
BRH:0
end_of_record
TN:
SF:src/core/types.ts
FN:199,(anonymous_0)
FN:210,(anonymous_1)
FN:217,(anonymous_2)
FN:224,(anonymous_3)
FNF:4
FNH:0
FNDA:0,(anonymous_0)
FNDA:0,(anonymous_1)
FNDA:0,(anonymous_2)
FNDA:0,(anonymous_3)
DA:198,0
DA:201,0
DA:202,0
DA:204,0
DA:205,0
DA:209,0
DA:211,0
DA:212,0
DA:216,0
DA:218,0
DA:219,0
DA:223,0
DA:225,0
DA:226,0
LF:14
LH:0
BRF:0
BRH:0
end_of_record
TN:
SF:src/risk/manager.ts
FN:29,(anonymous_0)
FN:37,(anonymous_1)
FN:53,(anonymous_2)
FN:102,(anonymous_3)
FN:129,(anonymous_4)
FN:137,(anonymous_5)
FN:169,(anonymous_6)
FN:176,(anonymous_7)
FN:184,(anonymous_8)
FN:192,(anonymous_9)
FN:213,(anonymous_10)
FN:221,(anonymous_11)
FN:234,(anonymous_12)
FN:251,(anonymous_13)
FN:267,(anonymous_14)
FN:283,(anonymous_15)
FN:290,(anonymous_16)
FN:312,(anonymous_17)
FNF:18
FNH:0
FNDA:0,(anonymous_0)
FNDA:0,(anonymous_1)
FNDA:0,(anonymous_2)
FNDA:0,(anonymous_3)
FNDA:0,(anonymous_4)
FNDA:0,(anonymous_5)
FNDA:0,(anonymous_6)
FNDA:0,(anonymous_7)
FNDA:0,(anonymous_8)
FNDA:0,(anonymous_9)
FNDA:0,(anonymous_10)
FNDA:0,(anonymous_11)
FNDA:0,(anonymous_12)
FNDA:0,(anonymous_13)
FNDA:0,(anonymous_14)
FNDA:0,(anonymous_15)
FNDA:0,(anonymous_16)
FNDA:0,(anonymous_17)
DA:25,0
DA:30,0
DA:31,0
DA:38,0
DA:55,0
DA:58,0
DA:59,0
DA:63,0
DA:64,0
DA:65,0
DA:69,0
DA:70,0
DA:71,0
DA:75,0
DA:76,0
DA:77,0
DA:81,0
DA:82,0
DA:83,0
DA:86,0
DA:90,0
DA:91,0
DA:92,0
DA:93,0
DA:96,0
DA:104,0
DA:107,0
DA:108,0
DA:112,0
DA:117,0
DA:119,0
DA:123,0
DA:130,0
DA:131,0
DA:138,0
DA:141,0
DA:142,0
DA:143,0
DA:146,0
DA:147,0
DA:148,0
DA:149,0
DA:150,0
DA:154,0
DA:155,0
DA:156,0
DA:157,0
DA:158,0
DA:161,0
DA:170,0
DA:177,0
DA:178,0
DA:185,0
DA:186,0
DA:193,0
DA:194,0
DA:196,0
DA:214,0
DA:215,0
DA:222,0
DA:223,0
DA:224,0
DA:225,0
DA:226,0
DA:227,0
DA:235,0
DA:236,0
DA:238,0
DA:239,0
DA:242,0
DA:245,0
DA:252,0
DA:254,0
DA:255,0
DA:258,0
DA:261,0
DA:268,0
DA:270,0
DA:271,0
DA:274,0
DA:277,0
DA:284,0
DA:296,0
DA:297,0
DA:299,0
DA:300,0
DA:303,0
DA:304,0
DA:306,0
DA:313,0
DA:314,0
LF:91
LH:0
BRDA:58,0,0,0
BRDA:58,0,1,0
BRDA:58,1,0,0
BRDA:58,1,1,0
BRDA:63,2,0,0
BRDA:63,2,1,0
BRDA:69,3,0,0
BRDA:69,3,1,0
BRDA:75,4,0,0
BRDA:75,4,1,0
BRDA:82,5,0,0
BRDA:82,5,1,0
BRDA:91,6,0,0
BRDA:91,6,1,0
BRDA:102,7,0,0
BRDA:146,8,0,0
BRDA:146,8,1,0
BRDA:149,9,0,0
BRDA:149,9,1,0
BRDA:154,10,0,0
BRDA:154,10,1,0
BRDA:157,11,0,0
BRDA:157,11,1,0
BRDA:194,12,0,0
BRDA:194,12,1,0
BRDA:223,13,0,0
BRDA:223,13,1,0
BRDA:238,14,0,0
BRDA:238,14,1,0
BRDA:254,15,0,0
BRDA:254,15,1,0
BRDA:270,16,0,0
BRDA:270,16,1,0
BRDA:294,17,0,0
BRDA:299,18,0,0
BRDA:299,18,1,0
BRDA:314,19,0,0
BRDA:314,19,1,0
BRF:38
BRH:0
end_of_record
TN:
SF:src/strategies/base.ts
FN:22,(anonymous_0)
FN:29,(anonymous_1)
FN:36,(anonymous_2)
FN:43,(anonymous_3)
FN:50,(anonymous_4)
FN:57,(anonymous_5)
FN:64,(anonymous_6)
FN:71,(anonymous_7)
FN:78,(anonymous_8)
FN:98,(anonymous_9)
FN:121,(anonymous_10)
FN:128,(anonymous_11)
FN:143,(anonymous_12)
FN:151,(anonymous_13)
FN:167,(anonymous_14)
FN:175,(anonymous_15)
FN:182,(anonymous_16)
FN:189,(anonymous_17)
FN:208,(anonymous_18)
FN:215,(anonymous_19)
FN:234,(anonymous_20)
FN:245,(anonymous_21)
FNF:22
FNH:0
FNDA:0,(anonymous_0)
FNDA:0,(anonymous_1)
FNDA:0,(anonymous_2)
FNDA:0,(anonymous_3)
FNDA:0,(anonymous_4)
FNDA:0,(anonymous_5)
FNDA:0,(anonymous_6)
FNDA:0,(anonymous_7)
FNDA:0,(anonymous_8)
FNDA:0,(anonymous_9)
FNDA:0,(anonymous_10)
FNDA:0,(anonymous_11)
FNDA:0,(anonymous_12)
FNDA:0,(anonymous_13)
FNDA:0,(anonymous_14)
FNDA:0,(anonymous_15)
FNDA:0,(anonymous_16)
FNDA:0,(anonymous_17)
FNDA:0,(anonymous_18)
FNDA:0,(anonymous_19)
FNDA:0,(anonymous_20)
FNDA:0,(anonymous_21)
DA:18,0
DA:20,0
DA:23,0
DA:30,0
DA:37,0
DA:44,0
DA:51,0
DA:58,0
DA:65,0
DA:72,0
DA:79,0
DA:105,0
DA:114,0
DA:115,0
DA:122,0
DA:129,0
DA:131,0
DA:132,0
DA:133,0
DA:137,0
DA:144,0
DA:145,0
DA:152,0
DA:153,0
DA:154,0
DA:155,0
DA:157,0
DA:159,0
DA:160,0
DA:168,0
DA:169,0
DA:176,0
DA:183,0
DA:190,0
DA:209,0
DA:216,0
DA:217,0
DA:220,0
DA:221,0
DA:224,0
DA:225,0
DA:228,0
DA:235,0
DA:236,0
DA:239,0
DA:246,0
DA:247,0
LF:47
LH:0
BRDA:65,0,0,0
BRDA:65,0,1,0
BRDA:65,0,2,0
BRDA:132,1,0,0
BRDA:132,1,1,0
BRDA:132,2,0,0
BRDA:132,2,1,0
BRDA:137,3,0,0
BRDA:137,3,1,0
BRDA:137,3,2,0
BRDA:143,4,0,0
BRDA:152,5,0,0
BRDA:152,5,1,0
BRDA:155,6,0,0
BRDA:155,6,1,0
BRDA:159,7,0,0
BRDA:159,7,1,0
BRDA:168,8,0,0
BRDA:168,8,1,0
BRDA:176,9,0,0
BRDA:176,9,1,0
BRDA:194,10,0,0
BRDA:194,10,1,0
BRDA:216,11,0,0
BRDA:216,11,1,0
BRDA:216,12,0,0
BRDA:216,12,1,0
BRDA:220,13,0,0
BRDA:220,13,1,0
BRDA:224,14,0,0
BRDA:224,14,1,0
BRDA:224,15,0,0
BRDA:224,15,1,0
BRDA:235,16,0,0
BRDA:235,16,1,0
BRF:35
BRH:0
end_of_record
TN:
SF:src/strategies/manager.ts
FN:25,(anonymous_0)
FN:32,(anonymous_1)
FN:40,(anonymous_2)
FN:49,(anonymous_3)
FN:58,(anonymous_4)
FN:67,(anonymous_5)
FN:76,(anonymous_6)
FN:83,(anonymous_7)
FN:90,(anonymous_8)
FN:105,(anonymous_9)
FN:125,(anonymous_10)
FN:135,(anonymous_11)
FN:142,(anonymous_12)
FN:161,(anonymous_13)
FN:183,(anonymous_14)
FN:204,(anonymous_15)
FN:259,(anonymous_16)
FN:274,(anonymous_17)
FN:289,(anonymous_18)
FN:311,(anonymous_19)
FN:326,(anonymous_20)
FN:344,(anonymous_21)
FNF:22
FNH:0
FNDA:0,(anonymous_0)
FNDA:0,(anonymous_1)
FNDA:0,(anonymous_2)
FNDA:0,(anonymous_3)
FNDA:0,(anonymous_4)
FNDA:0,(anonymous_5)
FNDA:0,(anonymous_6)
FNDA:0,(anonymous_7)
FNDA:0,(anonymous_8)
FNDA:0,(anonymous_9)
FNDA:0,(anonymous_10)
FNDA:0,(anonymous_11)
FNDA:0,(anonymous_12)
FNDA:0,(anonymous_13)
FNDA:0,(anonymous_14)
FNDA:0,(anonymous_15)
FNDA:0,(anonymous_16)
FNDA:0,(anonymous_17)
FNDA:0,(anonymous_18)
FNDA:0,(anonymous_19)
FNDA:0,(anonymous_20)
FNDA:0,(anonymous_21)
DA:13,0
DA:14,0
DA:15,0
DA:16,0
DA:21,0
DA:22,0
DA:23,0
DA:33,0
DA:34,0
DA:41,0
DA:42,0
DA:43,0
DA:50,0
DA:51,0
DA:52,0
DA:59,0
DA:60,0
DA:61,0
DA:68,0
DA:69,0
DA:70,0
DA:77,0
DA:84,0
DA:91,0
DA:93,0
DA:94,0
DA:95,0
DA:99,0
DA:106,0
DA:107,0
DA:108,0
DA:111,0
DA:112,0
DA:113,0
DA:114,0
DA:117,0
DA:118,0
DA:119,0
DA:126,0
DA:127,0
DA:129,0
DA:136,0
DA:143,0
DA:145,0
DA:146,0
DA:147,0
DA:150,0
DA:151,0
DA:153,0
DA:154,0
DA:165,0
DA:167,0
DA:168,0
DA:169,0
DA:172,0
DA:173,0
DA:175,0
DA:176,0
DA:186,0
DA:187,0
DA:189,0
DA:190,0
DA:191,0
DA:192,0
DA:194,0
DA:198,0
DA:205,0
DA:207,0
DA:208,0
DA:212,0
DA:213,0
DA:214,0
DA:216,0
DA:217,0
DA:218,0
DA:219,0
DA:220,0
DA:225,0
DA:226,0
DA:227,0
DA:237,0
DA:238,0
DA:239,0
DA:242,0
DA:246,0
DA:260,0
DA:262,0
DA:263,0
DA:264,0
DA:266,0
DA:275,0
DA:277,0
DA:278,0
DA:279,0
DA:281,0
DA:290,0
DA:291,0
DA:292,0
DA:293,0
DA:296,0
DA:297,0
DA:300,0
DA:301,0
DA:302,0
DA:305,0
DA:312,0
DA:313,0
DA:314,0
DA:315,0
DA:318,0
DA:319,0
DA:320,0
DA:327,0
DA:329,0
DA:330,0
DA:333,0
DA:345,0
DA:346,0
DA:347,0
DA:348,0
DA:350,0
LF:121
LH:0
BRDA:94,0,0,0
BRDA:94,0,1,0
BRDA:106,1,0,0
BRDA:106,1,1,0
BRDA:112,2,0,0
BRDA:112,2,1,0
BRDA:126,3,0,0
BRDA:126,3,1,0
BRDA:129,4,0,0
BRDA:129,4,1,0
BRDA:145,5,0,0
BRDA:145,5,1,0
BRDA:167,6,0,0
BRDA:167,6,1,0
BRDA:207,7,0,0
BRDA:207,7,1,0
BRDA:217,8,0,0
BRDA:217,8,1,0
BRDA:226,9,0,0
BRDA:226,9,1,0
BRDA:238,10,0,0
BRDA:238,10,1,0
BRDA:239,11,0,0
BRDA:239,11,1,0
BRDA:242,12,0,0
BRDA:242,12,1,0
BRDA:291,13,0,0
BRDA:291,13,1,0
BRDA:297,14,0,0
BRDA:297,14,1,0
BRDA:297,15,0,0
BRDA:297,15,1,0
BRDA:300,16,0,0
BRDA:300,16,1,0
BRDA:300,17,0,0
BRDA:300,17,1,0
BRDA:313,18,0,0
BRDA:313,18,1,0
BRF:38
BRH:0
end_of_record
TN:
SF:src/strategy/e3.ts
FN:28,e3Decision
FN:149,e3ExitDecision
FNF:2
FNH:0
FNDA:0,e3Decision
FNDA:0,e3ExitDecision
DA:28,0
DA:29,0
DA:30,0
DA:31,0
DA:44,0
DA:56,0
DA:57,0
DA:58,0
DA:60,0
DA:61,0
DA:62,0
DA:66,0
DA:67,0
DA:68,0
DA:72,0
DA:73,0
DA:74,0
DA:78,0
DA:79,0
DA:80,0
DA:84,0
DA:86,0
DA:87,0
DA:88,0
DA:89,0
DA:90,0
DA:91,0
DA:95,0
DA:96,0
DA:97,0
DA:98,0
DA:100,0
DA:101,0
DA:105,0
DA:108,0
DA:111,0
DA:112,0
DA:113,0
DA:117,0
DA:118,0
DA:119,0
DA:123,0
DA:124,0
DA:125,0
DA:131,0
DA:132,0
DA:133,0
DA:138,0
DA:140,0
DA:142,0
DA:143,0
DA:144,0
DA:149,0
DA:154,0
DA:156,0
DA:157,0
DA:164,0
DA:166,0
DA:168,0
DA:173,0
DA:174,0
DA:186,0
DA:187,0
DA:199,0
DA:200,0
DA:202,0
DA:203,0
DA:204,0
DA:206,0
DA:207,0
DA:217,0
DA:218,0
DA:219,0
DA:221,0
DA:222,0
DA:234,0
LF:76
LH:0
BRDA:41,0,0,0
BRDA:42,1,0,0
BRDA:43,2,0,0
BRDA:44,3,0,0
BRDA:44,3,1,0
BRDA:56,4,0,0
BRDA:56,4,1,0
BRDA:60,5,0,0
BRDA:60,5,1,0
BRDA:66,6,0,0
BRDA:66,6,1,0
BRDA:72,7,0,0
BRDA:72,7,1,0
BRDA:78,8,0,0
BRDA:78,8,1,0
BRDA:84,9,0,0
BRDA:84,9,1,0
BRDA:86,10,0,0
BRDA:86,10,1,0
BRDA:89,11,0,0
BRDA:89,11,1,0
BRDA:95,12,0,0
BRDA:95,12,1,0
BRDA:96,13,0,0
BRDA:96,13,1,0
BRDA:111,14,0,0
BRDA:111,14,1,0
BRDA:117,15,0,0
BRDA:117,15,1,0
BRDA:123,16,0,0
BRDA:123,16,1,0
BRDA:131,17,0,0
BRDA:131,17,1,0
BRDA:131,18,0,0
BRDA:131,18,1,0
BRDA:156,19,0,0
BRDA:156,19,1,0
BRDA:161,20,0,0
BRDA:162,21,0,0
BRDA:163,22,0,0
BRDA:164,23,0,0
BRDA:164,23,1,0
BRDA:168,24,0,0
BRDA:168,24,1,0
BRDA:173,25,0,0
BRDA:173,25,1,0
BRDA:186,26,0,0
BRDA:186,26,1,0
BRDA:199,27,0,0
BRDA:199,27,1,0
BRDA:200,28,0,0
BRDA:200,28,1,0
BRDA:202,29,0,0
BRDA:202,29,1,0
BRDA:206,30,0,0
BRDA:206,30,1,0
BRDA:206,31,0,0
BRDA:206,31,1,0
BRDA:217,32,0,0
BRDA:217,32,1,0
BRDA:221,33,0,0
BRDA:221,33,1,0
BRDA:221,34,0,0
BRDA:221,34,1,0
BRF:64
BRH:0
end_of_record
TN:
SF:src/strategy/fundingFade.ts
FN:15,fundingFadeDecision
FNF:1
FNH:0
FNDA:0,fundingFadeDecision
DA:15,0
DA:16,0
DA:17,0
DA:18,0
DA:26,0
DA:34,0
DA:35,0
DA:36,0
DA:37,0
DA:38,0
DA:39,0
DA:40,0
DA:41,0
DA:42,0
DA:43,0
DA:45,0
DA:49,0
DA:50,0
DA:51,0
DA:53,0
DA:54,0
DA:55,0
DA:58,0
LF:23
LH:0
BRDA:26,0,0,0
BRDA:26,0,1,0
BRDA:34,1,0,0
BRDA:34,1,1,0
BRDA:34,2,0,0
BRDA:34,2,1,0
BRDA:39,3,0,0
BRDA:39,3,1,0
BRDA:39,4,0,0
BRDA:39,4,1,0
BRDA:49,5,0,0
BRDA:49,5,1,0
BRDA:53,6,0,0
BRDA:53,6,1,0
BRDA:58,7,0,0
BRDA:58,7,1,0
BRF:16
BRH:0
end_of_record
TN:
SF:src/utils/logger.ts
FN:6,(anonymous_0)
FN:27,(anonymous_1)
FN:29,(anonymous_2)
FN:36,(anonymous_3)
FN:40,(anonymous_4)
FN:44,(anonymous_5)
FN:48,(anonymous_6)
FN:52,(anonymous_7)
FN:56,(anonymous_8)
FN:95,(anonymous_9)
FN:99,(anonymous_10)
FN:103,(anonymous_11)
FN:109,(anonymous_12)
FNF:13
FNH:0
FNDA:0,(anonymous_0)
FNDA:0,(anonymous_1)
FNDA:0,(anonymous_2)
FNDA:0,(anonymous_3)
FNDA:0,(anonymous_4)
FNDA:0,(anonymous_5)
FNDA:0,(anonymous_6)
FNDA:0,(anonymous_7)
FNDA:0,(anonymous_8)
FNDA:0,(anonymous_9)
FNDA:0,(anonymous_10)
FNDA:0,(anonymous_11)
FNDA:0,(anonymous_12)
DA:6,0
DA:7,0
DA:8,0
DA:9,0
DA:10,0
DA:21,0
DA:23,0
DA:24,0
DA:25,0
DA:30,0
DA:31,0
DA:33,0
DA:37,0
DA:41,0
DA:45,0
DA:49,0
DA:53,0
DA:57,0
DA:59,0
DA:67,0
DA:70,0
DA:71,0
DA:75,0
DA:76,0
DA:77,0
DA:79,0
DA:81,0
DA:82,0
DA:84,0
DA:85,0
DA:87,0
DA:88,0
DA:90,0
DA:91,0
DA:96,0
DA:98,0
DA:99,0
DA:102,0
DA:103,0
DA:106,0
DA:110,0
DA:115,0
LF:42
LH:0
BRDA:6,0,0,0
BRDA:6,0,1,0
BRDA:30,1,0,0
BRDA:30,1,1,0
BRDA:57,2,0,0
BRDA:57,2,1,0
BRDA:70,3,0,0
BRDA:70,3,1,0
BRDA:79,4,0,0
BRDA:79,4,1,0
BRDA:79,4,2,0
BRDA:79,4,3,0
BRDA:81,5,0,0
BRDA:81,5,1,0
BRDA:84,6,0,0
BRDA:84,6,1,0
BRDA:87,7,0,0
BRDA:87,7,1,0
BRDA:90,8,0,0
BRDA:90,8,1,0
BRDA:98,9,0,0
BRDA:98,9,1,0
BRDA:102,10,0,0
BRDA:102,10,1,0
BRF:24
BRH:0
end_of_record
